<?xml version="1.0" encoding="UTF-8" standalone="no"?>
<!DOCTYPE log SYSTEM "logger.dtd">
<log>
<record>
  <date>2020-03-30T18:22:36</date>
  <millis>1585572756885</millis>
  <sequence>0</sequence>
  <level>START</level>
  <class>com.kms.katalon.core.logging.XmlKeywordLogger</class>
  <method>startSuite</method>
  <thread>1</thread>
  <message>Start Test Suite : Test Suites/Weekly Report End to End Suit</message>
  <nestedLevel>0</nestedLevel>
  <property name="name">Weekly Report End to End Suit</property>
  <property name="description"></property>
  <property name="id">Test Suites/Weekly Report End to End Suit</property>
</record>
<record>
  <date>2020-03-30T18:22:36</date>
  <millis>1585572756907</millis>
  <sequence>1</sequence>
  <level>RUN_DATA</level>
  <class>com.kms.katalon.core.logging.XmlKeywordLogger</class>
  <method>logMessage</method>
  <thread>1</thread>
  <message>hostName = bksangani - aixahm-ts6.analytix.local</message>
  <nestedLevel>0</nestedLevel>
  <property name="hostName">bksangani - aixahm-ts6.analytix.local</property>
</record>
<record>
  <date>2020-03-30T18:22:36</date>
  <millis>1585572756908</millis>
  <sequence>2</sequence>
  <level>RUN_DATA</level>
  <class>com.kms.katalon.core.logging.XmlKeywordLogger</class>
  <method>logMessage</method>
  <thread>1</thread>
  <message>os = Windows Server 2016 64bit</message>
  <nestedLevel>0</nestedLevel>
  <property name="os">Windows Server 2016 64bit</property>
</record>
<record>
  <date>2020-03-30T18:22:36</date>
  <millis>1585572756909</millis>
  <sequence>3</sequence>
  <level>RUN_DATA</level>
  <class>com.kms.katalon.core.logging.XmlKeywordLogger</class>
  <method>logMessage</method>
  <thread>1</thread>
  <message>hostAddress = 192.168.16.190</message>
  <nestedLevel>0</nestedLevel>
  <property name="hostAddress">192.168.16.190</property>
</record>
<record>
  <date>2020-03-30T18:22:36</date>
  <millis>1585572756910</millis>
  <sequence>4</sequence>
  <level>RUN_DATA</level>
  <class>com.kms.katalon.core.logging.XmlKeywordLogger</class>
  <method>logMessage</method>
  <thread>1</thread>
  <message>katalonVersion = 7.2.1.1</message>
  <nestedLevel>0</nestedLevel>
  <property name="katalonVersion">7.2.1.1</property>
</record>
<record>
  <date>2020-03-30T18:22:36</date>
  <millis>1585572756920</millis>
  <sequence>5</sequence>
  <level>START</level>
  <class>com.kms.katalon.core.logging.XmlKeywordLogger</class>
  <method>startKeyword</method>
  <thread>1</thread>
  <message>Start listener action : beforeTestSuit</message>
  <nestedLevel>0</nestedLevel>
</record>
<record>
  <date>2020-03-30T18:22:37</date>
  <millis>1585572757285</millis>
  <sequence>8</sequence>
  <level>INFO</level>
  <class>com.kms.katalon.core.logging.XmlKeywordLogger</class>
  <method>logMessage</method>
  <thread>1</thread>
  <message>Starting &amp;apos;Chrome&amp;apos; driver</message>
  <nestedLevel>0</nestedLevel>
</record>
<record>
  <date>2020-03-30T18:22:37</date>
  <millis>1585572757328</millis>
  <sequence>10</sequence>
  <level>INFO</level>
  <class>com.kms.katalon.core.logging.XmlKeywordLogger</class>
  <method>logMessage</method>
  <thread>1</thread>
  <message>Action delay is set to 0 seconds</message>
  <nestedLevel>0</nestedLevel>
</record>
<record>
  <date>2020-03-30T18:22:41</date>
  <millis>1585572761123</millis>
  <sequence>12</sequence>
  <level>RUN_DATA</level>
  <class>com.kms.katalon.core.logging.XmlKeywordLogger</class>
  <method>logMessage</method>
  <thread>1</thread>
  <message>sessionId = 2de3f4d8fe2eea6dc7db77d98af185f7</message>
  <nestedLevel>0</nestedLevel>
  <property name="sessionId">2de3f4d8fe2eea6dc7db77d98af185f7</property>
</record>
<record>
  <date>2020-03-30T18:22:41</date>
  <millis>1585572761146</millis>
  <sequence>13</sequence>
  <level>RUN_DATA</level>
  <class>com.kms.katalon.core.logging.XmlKeywordLogger</class>
  <method>logMessage</method>
  <thread>1</thread>
  <message>browser = Chrome 80.0.3987.149</message>
  <nestedLevel>0</nestedLevel>
  <property name="browser">Chrome 80.0.3987.149</property>
</record>
<record>
  <date>2020-03-30T18:22:41</date>
  <millis>1585572761147</millis>
  <sequence>14</sequence>
  <level>RUN_DATA</level>
  <class>com.kms.katalon.core.logging.XmlKeywordLogger</class>
  <method>logMessage</method>
  <thread>1</thread>
  <message>platform = Windows Server 2016</message>
  <nestedLevel>0</nestedLevel>
  <property name="platform">Windows Server 2016</property>
</record>
<record>
  <date>2020-03-30T18:22:41</date>
  <millis>1585572761148</millis>
  <sequence>15</sequence>
  <level>RUN_DATA</level>
  <class>com.kms.katalon.core.logging.XmlKeywordLogger</class>
  <method>logMessage</method>
  <thread>1</thread>
  <message>seleniumVersion = 3.141.59</message>
  <nestedLevel>0</nestedLevel>
  <property name="seleniumVersion">3.141.59</property>
</record>
<record>
  <date>2020-03-30T18:22:41</date>
  <millis>1585572761149</millis>
  <sequence>16</sequence>
  <level>RUN_DATA</level>
  <class>com.kms.katalon.core.logging.XmlKeywordLogger</class>
  <method>logMessage</method>
  <thread>1</thread>
  <message>proxyInformation = ProxyInformation{proxyOption=USE_SYSTEM, proxyServerType=HTTP, password=, proxyServerAddress=, proxyServerPort=0, executionList=}</message>
  <nestedLevel>0</nestedLevel>
  <property name="proxyInformation">ProxyInformation{proxyOption=USE_SYSTEM, proxyServerType=HTTP, password=, proxyServerAddress=, proxyServerPort=0, executionList=}</property>
</record>
<record>
  <date>2020-03-30T18:22:41</date>
  <millis>1585572761161</millis>
  <sequence>17</sequence>
  <level>PASSED</level>
  <class>com.kms.katalon.core.logging.XmlKeywordLogger</class>
  <method>logMessage</method>
  <thread>1</thread>
  <message>Browser is opened with url: &amp;apos;&amp;apos;</message>
  <nestedLevel>0</nestedLevel>
</record>
<record>
  <date>2020-03-30T18:22:42</date>
  <millis>1585572762333</millis>
  <sequence>19</sequence>
  <level>PASSED</level>
  <class>com.kms.katalon.core.logging.XmlKeywordLogger</class>
  <method>logMessage</method>
  <thread>1</thread>
  <message>Current window maximized</message>
  <nestedLevel>0</nestedLevel>
</record>
<record>
  <date>2020-03-30T18:22:42</date>
  <millis>1585572762390</millis>
  <sequence>20</sequence>
  <level>PASSED</level>
  <class>com.kms.katalon.core.logging.XmlKeywordLogger</class>
  <method>logMessage</method>
  <thread>1</thread>
  <message>Delete all cookies successfully</message>
  <nestedLevel>0</nestedLevel>
</record>
<record>
  <date>2020-03-30T18:22:54</date>
  <millis>1585572774566</millis>
  <sequence>23</sequence>
  <level>PASSED</level>
  <class>com.kms.katalon.core.logging.XmlKeywordLogger</class>
  <method>logMessage</method>
  <thread>1</thread>
  <message>Navigate to &amp;apos;http://devdunkin.sunbeltsol.com/&amp;apos; successfully</message>
  <nestedLevel>0</nestedLevel>
</record>
<record>
  <date>2020-03-30T18:22:54</date>
  <millis>1585572774567</millis>
  <sequence>25</sequence>
  <level>END</level>
  <class>com.kms.katalon.core.logging.XmlKeywordLogger</class>
  <method>endKeyword</method>
  <thread>1</thread>
  <message>End listener action : beforeTestSuit</message>
  <nestedLevel>0</nestedLevel>
</record>
<record>
  <date>2020-03-30T18:22:54</date>
  <millis>1585572774735</millis>
  <sequence>26</sequence>
  <level>START</level>
  <class>com.kms.katalon.core.logging.XmlKeywordLogger</class>
  <method>startTest</method>
  <thread>1</thread>
  <message>Start Test Case : Test Cases/CrossLocationReportBuilder_TestCases/TC79_Create Weekly Report with valid details and compare report values with calender for specific time period</message>
  <nestedLevel>1</nestedLevel>
  <property name="name">Test Cases/CrossLocationReportBuilder_TestCases/TC79_Create Weekly Report with valid details and compare report values with calender for specific time period</property>
  <property name="description"></property>
  <property name="id">Test Cases/CrossLocationReportBuilder_TestCases/TC79_Create Weekly Report with valid details and compare report values with calender for specific time period</property>
  <property name="source">D:\\Users\\bksangani\\Katalon Studio\\ReportBuilderV1\\Test Cases\\CrossLocationReportBuilder_TestCases\\TC79_Create Weekly Report with valid details and compare report values with calender for specific time period.tc</property>
  <property name="tag"></property>
  <property name="isOptional">false</property>
</record>
<record>
  <date>2020-03-30T18:22:55</date>
  <millis>1585572775093</millis>
  <sequence>30</sequence>
  <level>START</level>
  <class>com.kms.katalon.core.logging.XmlKeywordLogger</class>
  <method>startTest</method>
  <thread>1</thread>
  <message>Start Test Case : Test Cases/CrossLocationReportBuilder_TestCases/TC1_Verify successfull login</message>
  <nestedLevel>2</nestedLevel>
  <property name="name">Test Cases/CrossLocationReportBuilder_TestCases/TC1_Verify successfull login</property>
  <property name="description"></property>
  <property name="id">Test Cases/CrossLocationReportBuilder_TestCases/TC1_Verify successfull login</property>
  <property name="source">D:\\Users\\bksangani\\Katalon Studio\\ReportBuilderV1\\Test Cases\\CrossLocationReportBuilder_TestCases\\TC1_Verify successfull login.tc</property>
  <property name="tag"></property>
  <property name="isOptional">false</property>
</record>
<record>
  <date>2020-03-30T18:22:55</date>
  <millis>1585572775372</millis>
  <sequence>34</sequence>
  <level>START</level>
  <class>com.kms.katalon.core.logging.XmlKeywordLogger</class>
  <method>startTest</method>
  <thread>1</thread>
  <message>Start Test Case : Test Cases/ReportBuilder_Pages/LoginPage/Login with encrypted username and password</message>
  <nestedLevel>3</nestedLevel>
  <property name="name">Test Cases/ReportBuilder_Pages/LoginPage/Login with encrypted username and password</property>
  <property name="description"></property>
  <property name="id">Test Cases/ReportBuilder_Pages/LoginPage/Login with encrypted username and password</property>
  <property name="source">D:\\Users\\bksangani\\Katalon Studio\\ReportBuilderV1\\Test Cases\\ReportBuilder_Pages\\LoginPage\\Login with encrypted username and password.tc</property>
  <property name="tag"></property>
  <property name="isOptional">false</property>
</record>
<record>
  <date>2020-03-30T18:22:55</date>
  <millis>1585572775979</millis>
  <sequence>45</sequence>
  <level>PASSED</level>
  <class>com.kms.katalon.core.logging.XmlKeywordLogger</class>
  <method>logMessage</method>
  <thread>1</thread>
  <message>Text &amp;apos;Cafua_Dev@analytix.com&amp;apos; is set on object &amp;apos;Object Repository/Page_Dunkin Donuts - Executive Dashboard/input_Login_textBoxEmailAddress&amp;apos;</message>
  <nestedLevel>3</nestedLevel>
</record>
<record>
  <date>2020-03-30T18:22:56</date>
  <millis>1585572776236</millis>
  <sequence>55</sequence>
  <level>PASSED</level>
  <class>com.kms.katalon.core.logging.XmlKeywordLogger</class>
  <method>logMessage</method>
  <thread>1</thread>
  <message>Text &amp;apos;!9TgLT8dK3&amp;apos; is set on object &amp;apos;Object Repository/Page_Dunkin Donuts - Executive Dashboard/input_Login_textBoxPassword&amp;apos;</message>
  <nestedLevel>3</nestedLevel>
</record>
<record>
  <date>2020-03-30T18:22:56</date>
  <millis>1585572776405</millis>
  <sequence>65</sequence>
  <level>PASSED</level>
  <class>com.kms.katalon.core.logging.XmlKeywordLogger</class>
  <method>logMessage</method>
  <thread>1</thread>
  <message>Object: &amp;apos;Object Repository/Page_Dunkin Donuts - Executive Dashboard/input_Login_buttonLogin&amp;apos; is clicked on</message>
  <nestedLevel>3</nestedLevel>
</record>
<record>
  <date>2020-03-30T18:22:56</date>
  <millis>1585572776407</millis>
  <sequence>66</sequence>
  <level>NOT_RUN</level>
  <class>com.kms.katalon.core.logging.XmlKeywordLogger</class>
  <method>logMessage</method>
  <thread>1</thread>
  <message>NOT_RUN: waitForElementClickable(findTestObject(\&amp;quot;Page_Restaurant Intranet/link_ProfileIcon\&amp;quot;), ExplicitWait)</message>
  <nestedLevel>3</nestedLevel>
</record>
<record>
  <date>2020-03-30T18:22:56</date>
  <millis>1585572776407</millis>
  <sequence>67</sequence>
  <level>NOT_RUN</level>
  <class>com.kms.katalon.core.logging.XmlKeywordLogger</class>
  <method>logMessage</method>
  <thread>1</thread>
  <message>NOT_RUN: verifyElementVisible(findTestObject(\&amp;quot;Page_Restaurant Intranet/link_ProfileIcon\&amp;quot;))</message>
  <nestedLevel>3</nestedLevel>
</record>
<record>
  <date>2020-03-30T18:22:56</date>
  <millis>1585572776408</millis>
  <sequence>68</sequence>
  <level>PASSED</level>
  <class>com.kms.katalon.core.logging.XmlKeywordLogger</class>
  <method>logMessage</method>
  <thread>1</thread>
  <message>Test Cases/ReportBuilder_Pages/LoginPage/Login with encrypted username and password</message>
  <nestedLevel>3</nestedLevel>
</record>
<record>
  <date>2020-03-30T18:22:56</date>
  <millis>1585572776408</millis>
  <sequence>69</sequence>
  <level>END</level>
  <class>com.kms.katalon.core.logging.XmlKeywordLogger</class>
  <method>endTest</method>
  <thread>1</thread>
  <message>End Test Case : Test Cases/ReportBuilder_Pages/LoginPage/Login with encrypted username and password</message>
  <nestedLevel>2</nestedLevel>
</record>
<record>
  <date>2020-03-30T18:22:56</date>
  <millis>1585572776414</millis>
  <sequence>70</sequence>
  <level>PASSED</level>
  <class>com.kms.katalon.core.logging.XmlKeywordLogger</class>
  <method>logMessage</method>
  <thread>1</thread>
  <message>Call Test Case &amp;apos;Test Cases/ReportBuilder_Pages/LoginPage/Login with encrypted username and password&amp;apos; successfully</message>
  <nestedLevel>2</nestedLevel>
</record>
<record>
  <date>2020-03-30T18:22:56</date>
  <millis>1585572776414</millis>
  <sequence>71</sequence>
  <level>PASSED</level>
  <class>com.kms.katalon.core.logging.XmlKeywordLogger</class>
  <method>logMessage</method>
  <thread>1</thread>
  <message>Test Cases/CrossLocationReportBuilder_TestCases/TC1_Verify successfull login</message>
  <nestedLevel>2</nestedLevel>
</record>
<record>
  <date>2020-03-30T18:22:56</date>
  <millis>1585572776415</millis>
  <sequence>72</sequence>
  <level>END</level>
  <class>com.kms.katalon.core.logging.XmlKeywordLogger</class>
  <method>endTest</method>
  <thread>1</thread>
  <message>End Test Case : Test Cases/CrossLocationReportBuilder_TestCases/TC1_Verify successfull login</message>
  <nestedLevel>1</nestedLevel>
</record>
<record>
  <date>2020-03-30T18:22:56</date>
  <millis>1585572776415</millis>
  <sequence>73</sequence>
  <level>PASSED</level>
  <class>com.kms.katalon.core.logging.XmlKeywordLogger</class>
  <method>logMessage</method>
  <thread>1</thread>
  <message>Call Test Case &amp;apos;Test Cases/CrossLocationReportBuilder_TestCases/TC1_Verify successfull login&amp;apos; successfully</message>
  <nestedLevel>1</nestedLevel>
</record>
<record>
  <date>2020-03-30T18:22:56</date>
  <millis>1585572776416</millis>
  <sequence>74</sequence>
  <level>NOT_RUN</level>
  <class>com.kms.katalon.core.logging.XmlKeywordLogger</class>
  <method>logMessage</method>
  <thread>1</thread>
  <message>NOT_RUN: callTestCase(findTestCase(\&amp;quot;CrossLocationReportBuilder_TestCases/TC3_Verify Report Builder Link functionality\&amp;quot;), [:], CONTINUE_ON_FAILURE)</message>
  <nestedLevel>1</nestedLevel>
</record>
<record>
  <date>2020-03-30T18:22:56</date>
  <millis>1585572776417</millis>
  <sequence>75</sequence>
  <level>NOT_RUN</level>
  <class>com.kms.katalon.core.logging.XmlKeywordLogger</class>
  <method>logMessage</method>
  <thread>1</thread>
  <message>NOT_RUN: callTestCase(findTestCase(\&amp;quot;ReportBuilder_Pages/ReportSetup_Page/Verify Add Report button and Click\&amp;quot;), [:], CONTINUE_ON_FAILURE)</message>
  <nestedLevel>1</nestedLevel>
</record>
<record>
  <date>2020-03-30T18:22:56</date>
  <millis>1585572776418</millis>
  <sequence>76</sequence>
  <level>NOT_RUN</level>
  <class>com.kms.katalon.core.logging.XmlKeywordLogger</class>
  <method>logMessage</method>
  <thread>1</thread>
  <message>NOT_RUN: callTestCase(findTestCase(\&amp;quot;ReportBuilder_Pages/CrossLocationReportBuilderSetup_Page/Give Report Name\&amp;quot;), [\&amp;quot;ReportName\&amp;quot;:ReportName], CONTINUE_ON_FAILURE)</message>
  <nestedLevel>1</nestedLevel>
</record>
<record>
  <date>2020-03-30T18:22:56</date>
  <millis>1585572776418</millis>
  <sequence>77</sequence>
  <level>NOT_RUN</level>
  <class>com.kms.katalon.core.logging.XmlKeywordLogger</class>
  <method>logMessage</method>
  <thread>1</thread>
  <message>NOT_RUN: callTestCase(findTestCase(\&amp;quot;ReportBuilder_Pages/CrossLocationReportBuilderSetup_Page/Select Report Category\&amp;quot;), [\&amp;quot;ReportCategory\&amp;quot;:CategoryName], CONTINUE_ON_FAILURE)</message>
  <nestedLevel>1</nestedLevel>
</record>
<record>
  <date>2020-03-30T18:22:56</date>
  <millis>1585572776420</millis>
  <sequence>78</sequence>
  <level>NOT_RUN</level>
  <class>com.kms.katalon.core.logging.XmlKeywordLogger</class>
  <method>logMessage</method>
  <thread>1</thread>
  <message>NOT_RUN: callTestCase(findTestCase(\&amp;quot;ReportBuilder_Pages/CrossLocationReportBuilderSetup_Page/Data Grain with Present Data By/Select Data Grain And Present Data By options for Report\&amp;quot;), [:], CONTINUE_ON_FAILURE)</message>
  <nestedLevel>1</nestedLevel>
</record>
<record>
  <date>2020-03-30T18:22:56</date>
  <millis>1585572776421</millis>
  <sequence>79</sequence>
  <level>NOT_RUN</level>
  <class>com.kms.katalon.core.logging.XmlKeywordLogger</class>
  <method>logMessage</method>
  <thread>1</thread>
  <message>NOT_RUN: ColumnListNew = []</message>
  <nestedLevel>1</nestedLevel>
</record>
<record>
  <date>2020-03-30T18:22:56</date>
  <millis>1585572776422</millis>
  <sequence>80</sequence>
  <level>NOT_RUN</level>
  <class>com.kms.katalon.core.logging.XmlKeywordLogger</class>
  <method>logMessage</method>
  <thread>1</thread>
  <message>NOT_RUN: ColumnListNew = reportbuildercustom.RB_Keywords.verifyTotalAddedColumns()</message>
  <nestedLevel>1</nestedLevel>
</record>
<record>
  <date>2020-03-30T18:22:56</date>
  <millis>1585572776422</millis>
  <sequence>81</sequence>
  <level>NOT_RUN</level>
  <class>com.kms.katalon.core.logging.XmlKeywordLogger</class>
  <method>logMessage</method>
  <thread>1</thread>
  <message>NOT_RUN: TotalNoOfColumnsAdded = ColumnListNew.size()</message>
  <nestedLevel>1</nestedLevel>
</record>
<record>
  <date>2020-03-30T18:22:56</date>
  <millis>1585572776423</millis>
  <sequence>82</sequence>
  <level>NOT_RUN</level>
  <class>com.kms.katalon.core.logging.XmlKeywordLogger</class>
  <method>logMessage</method>
  <thread>1</thread>
  <message>NOT_RUN: println(TotalNoOfColumnsAdded)</message>
  <nestedLevel>1</nestedLevel>
</record>
<record>
  <date>2020-03-30T18:22:56</date>
  <millis>1585572776423</millis>
  <sequence>83</sequence>
  <level>NOT_RUN</level>
  <class>com.kms.katalon.core.logging.XmlKeywordLogger</class>
  <method>logMessage</method>
  <thread>1</thread>
  <message>NOT_RUN: callTestCase(findTestCase(\&amp;quot;ReportBuilder_Pages/CrossLocationReportBuilderSetup_Page/Select Grouping By Hierarchy\&amp;quot;), [:], CONTINUE_ON_FAILURE)</message>
  <nestedLevel>1</nestedLevel>
</record>
<record>
  <date>2020-03-30T18:22:56</date>
  <millis>1585572776424</millis>
  <sequence>84</sequence>
  <level>NOT_RUN</level>
  <class>com.kms.katalon.core.logging.XmlKeywordLogger</class>
  <method>logMessage</method>
  <thread>1</thread>
  <message>NOT_RUN: callTestCase(findTestCase(\&amp;quot;ReportBuilder_Pages/CrossLocationReportBuilderSetup_Page/Click on Create Report Button\&amp;quot;), [:], CONTINUE_ON_FAILURE)</message>
  <nestedLevel>1</nestedLevel>
</record>
<record>
  <date>2020-03-30T18:22:56</date>
  <millis>1585572776425</millis>
  <sequence>85</sequence>
  <level>NOT_RUN</level>
  <class>com.kms.katalon.core.logging.XmlKeywordLogger</class>
  <method>logMessage</method>
  <thread>1</thread>
  <message>NOT_RUN: callTestCase(findTestCase(\&amp;quot;ReportBuilder_Pages/CrossLocationReportBuilderSetup_Page/Search and validate created report from list of reports\&amp;quot;), [\&amp;quot;SearchCategory\&amp;quot;:CategoryName, \&amp;quot;SearchReport\&amp;quot;:ReportName], CONTINUE_ON_FAILURE)</message>
  <nestedLevel>1</nestedLevel>
</record>
<record>
  <date>2020-03-30T18:22:56</date>
  <millis>1585572776425</millis>
  <sequence>86</sequence>
  <level>NOT_RUN</level>
  <class>com.kms.katalon.core.logging.XmlKeywordLogger</class>
  <method>logMessage</method>
  <thread>1</thread>
  <message>NOT_RUN: callTestCase(findTestCase(\&amp;quot;ReportBuilder_Pages/Restaurant_Intranet_Dashboard_Page/Click on Dashboard Link\&amp;quot;), [:], CONTINUE_ON_FAILURE)</message>
  <nestedLevel>1</nestedLevel>
</record>
<record>
  <date>2020-03-30T18:22:56</date>
  <millis>1585572776426</millis>
  <sequence>87</sequence>
  <level>NOT_RUN</level>
  <class>com.kms.katalon.core.logging.XmlKeywordLogger</class>
  <method>logMessage</method>
  <thread>1</thread>
  <message>NOT_RUN: callTestCase(findTestCase(\&amp;quot;ReportBuilder_Pages/Restaurant_Intranet_Dashboard_Page/Select PC name\&amp;quot;), [\&amp;quot;PCName\&amp;quot;:PCName], CONTINUE_ON_FAILURE)</message>
  <nestedLevel>1</nestedLevel>
</record>
<record>
  <date>2020-03-30T18:22:56</date>
  <millis>1585572776427</millis>
  <sequence>88</sequence>
  <level>NOT_RUN</level>
  <class>com.kms.katalon.core.logging.XmlKeywordLogger</class>
  <method>logMessage</method>
  <thread>1</thread>
  <message>NOT_RUN: callTestCase(findTestCase(\&amp;quot;ReportBuilder_Pages/Restaurant_Intranet_Dashboard_Page/Click on dashbord calender button and select operational calender\&amp;quot;), [:], CONTINUE_ON_FAILURE)</message>
  <nestedLevel>1</nestedLevel>
</record>
<record>
  <date>2020-03-30T18:22:56</date>
  <millis>1585572776428</millis>
  <sequence>89</sequence>
  <level>NOT_RUN</level>
  <class>com.kms.katalon.core.logging.XmlKeywordLogger</class>
  <method>logMessage</method>
  <thread>1</thread>
  <message>NOT_RUN: valuesFromCalendarDashboard = [:]</message>
  <nestedLevel>1</nestedLevel>
</record>
<record>
  <date>2020-03-30T18:22:56</date>
  <millis>1585572776428</millis>
  <sequence>90</sequence>
  <level>NOT_RUN</level>
  <class>com.kms.katalon.core.logging.XmlKeywordLogger</class>
  <method>logMessage</method>
  <thread>1</thread>
  <message>NOT_RUN: valuesFromCalendarDashboard = callTestCase(findTestCase(\&amp;quot;ReportBuilder_Pages/Restaurant_Intranet_Dashboard_Page/Get all available variable values from calender view for all weeks of one month\&amp;quot;), [:], CONTINUE_ON_FAILURE)</message>
  <nestedLevel>1</nestedLevel>
</record>
<record>
  <date>2020-03-30T18:22:56</date>
  <millis>1585572776489</millis>
  <sequence>93</sequence>
  <level>START</level>
  <class>com.kms.katalon.core.logging.XmlKeywordLogger</class>
  <method>startTest</method>
  <thread>1</thread>
  <message>Start Test Case : Test Cases/CrossLocationReportBuilder_TestCases/TC77_Verify Created Report is displaying same as per the set configuration in report setup</message>
  <nestedLevel>2</nestedLevel>
  <property name="name">Test Cases/CrossLocationReportBuilder_TestCases/TC77_Verify Created Report is displaying same as per the set configuration in report setup</property>
  <property name="description"></property>
  <property name="id">Test Cases/CrossLocationReportBuilder_TestCases/TC77_Verify Created Report is displaying same as per the set configuration in report setup</property>
  <property name="source">D:\\Users\\bksangani\\Katalon Studio\\ReportBuilderV1\\Test Cases\\CrossLocationReportBuilder_TestCases\\TC77_Verify Created Report is displaying same as per the set configuration in report setup.tc</property>
  <property name="tag"></property>
  <property name="isOptional">false</property>
</record>
<record>
  <date>2020-03-30T18:22:56</date>
  <millis>1585572776498</millis>
  <sequence>95</sequence>
  <level>INFO</level>
  <class>com.kms.katalon.core.logging.XmlKeywordLogger</class>
  <method>logMessage</method>
  <thread>1</thread>
  <message>ReportName = Weekly Sales</message>
  <nestedLevel>2</nestedLevel>
</record>
<record>
  <date>2020-03-30T18:22:56</date>
  <millis>1585572776928</millis>
  <sequence>96</sequence>
  <level>NOT_RUN</level>
  <class>com.kms.katalon.core.logging.XmlKeywordLogger</class>
  <method>logMessage</method>
  <thread>1</thread>
  <message>NOT_RUN: refresh()</message>
  <nestedLevel>2</nestedLevel>
</record>
<record>
  <date>2020-03-30T18:22:59</date>
  <millis>1585572779542</millis>
  <sequence>105</sequence>
  <level>PASSED</level>
  <class>com.kms.katalon.core.logging.XmlKeywordLogger</class>
  <method>logMessage</method>
  <thread>1</thread>
  <message>Object: &amp;apos;Object Repository/Page_Restaurant Intranet/Left_Nav_Bar/link_CrossLocationReportIcon&amp;apos; is hovered</message>
  <nestedLevel>2</nestedLevel>
</record>
<record>
  <date>2020-03-30T18:23:05</date>
  <millis>1585572785499</millis>
  <sequence>112</sequence>
  <level>PASSED</level>
  <class>com.kms.katalon.core.logging.XmlKeywordLogger</class>
  <method>logMessage</method>
  <thread>1</thread>
  <message>Object &amp;apos;CreatedColumns&amp;apos; is visible</message>
  <nestedLevel>2</nestedLevel>
</record>
<record>
  <date>2020-03-30T18:23:05</date>
  <millis>1585572785552</millis>
  <sequence>118</sequence>
  <level>PASSED</level>
  <class>com.kms.katalon.core.logging.XmlKeywordLogger</class>
  <method>logMessage</method>
  <thread>1</thread>
  <message>Object &amp;apos;CreatedColumns&amp;apos; is visible</message>
  <nestedLevel>2</nestedLevel>
</record>
<record>
  <date>2020-03-30T18:23:05</date>
  <millis>1585572785719</millis>
  <sequence>127</sequence>
  <level>PASSED</level>
  <class>com.kms.katalon.core.logging.XmlKeywordLogger</class>
  <method>logMessage</method>
  <thread>1</thread>
  <message>Object: &amp;apos;CreatedColumns&amp;apos; is clicked on</message>
  <nestedLevel>2</nestedLevel>
</record>
<record>
  <date>2020-03-30T18:23:05</date>
  <millis>1585572785720</millis>
  <sequence>128</sequence>
  <level>PASSED</level>
  <class>com.kms.katalon.core.logging.XmlKeywordLogger</class>
  <method>logMessage</method>
  <thread>1</thread>
  <message>reportbuildercustom.RB_Keywords.clickOnReportCategory is PASSED</message>
  <nestedLevel>2</nestedLevel>
</record>
<record>
  <date>2020-03-30T18:23:05</date>
  <millis>1585572785779</millis>
  <sequence>135</sequence>
  <level>PASSED</level>
  <class>com.kms.katalon.core.logging.XmlKeywordLogger</class>
  <method>logMessage</method>
  <thread>1</thread>
  <message>Object &amp;apos;CreatedColumns&amp;apos; is visible</message>
  <nestedLevel>2</nestedLevel>
</record>
<record>
  <date>2020-03-30T18:23:05</date>
  <millis>1585572785825</millis>
  <sequence>141</sequence>
  <level>PASSED</level>
  <class>com.kms.katalon.core.logging.XmlKeywordLogger</class>
  <method>logMessage</method>
  <thread>1</thread>
  <message>Object &amp;apos;CreatedColumns&amp;apos; is visible</message>
  <nestedLevel>2</nestedLevel>
</record>
<record>
  <date>2020-03-30T18:23:06</date>
  <millis>1585572786028</millis>
  <sequence>150</sequence>
  <level>PASSED</level>
  <class>com.kms.katalon.core.logging.XmlKeywordLogger</class>
  <method>logMessage</method>
  <thread>1</thread>
  <message>Object: &amp;apos;CreatedColumns&amp;apos; is clicked on</message>
  <nestedLevel>2</nestedLevel>
</record>
<record>
  <date>2020-03-30T18:23:06</date>
  <millis>1585572786028</millis>
  <sequence>151</sequence>
  <level>PASSED</level>
  <class>com.kms.katalon.core.logging.XmlKeywordLogger</class>
  <method>logMessage</method>
  <thread>1</thread>
  <message>reportbuildercustom.RB_Keywords.clickAndVerifyCreatedReport is PASSED</message>
  <nestedLevel>2</nestedLevel>
</record>
<record>
  <date>2020-03-30T18:23:06</date>
  <millis>1585572786125</millis>
  <sequence>159</sequence>
  <level>PASSED</level>
  <class>com.kms.katalon.core.logging.XmlKeywordLogger</class>
  <method>logMessage</method>
  <thread>1</thread>
  <message>Object &amp;apos;Object Repository/ReportBuilderUI/Progress_Bar&amp;apos; is visible</message>
  <nestedLevel>2</nestedLevel>
</record>
<record>
  <date>2020-03-30T18:23:06</date>
  <millis>1585572786982</millis>
  <sequence>167</sequence>
  <level>PASSED</level>
  <class>com.kms.katalon.core.logging.XmlKeywordLogger</class>
  <method>logMessage</method>
  <thread>1</thread>
  <message>Object &amp;apos;Object Repository/ReportBuilderUI/Progress_Bar&amp;apos; is NOT visible</message>
  <nestedLevel>2</nestedLevel>
</record>
<record>
  <date>2020-03-30T18:23:07</date>
  <millis>1585572787088</millis>
  <sequence>175</sequence>
  <level>PASSED</level>
  <class>com.kms.katalon.core.logging.XmlKeywordLogger</class>
  <method>logMessage</method>
  <thread>1</thread>
  <message>Text of object &amp;apos;Object Repository/Created Reports Objects/ReportTitle&amp;apos; is: &amp;apos;Weekly Sales&amp;apos;</message>
  <nestedLevel>2</nestedLevel>
</record>
<record>
  <date>2020-03-30T18:23:07</date>
  <millis>1585572787091</millis>
  <sequence>176</sequence>
  <level>PASSED</level>
  <class>com.kms.katalon.core.logging.XmlKeywordLogger</class>
  <method>logMessage</method>
  <thread>1</thread>
  <message>Test Cases/CrossLocationReportBuilder_TestCases/TC77_Verify Created Report is displaying same as per the set configuration in report setup</message>
  <nestedLevel>2</nestedLevel>
</record>
<record>
  <date>2020-03-30T18:23:07</date>
  <millis>1585572787091</millis>
  <sequence>177</sequence>
  <level>END</level>
  <class>com.kms.katalon.core.logging.XmlKeywordLogger</class>
  <method>endTest</method>
  <thread>1</thread>
  <message>End Test Case : Test Cases/CrossLocationReportBuilder_TestCases/TC77_Verify Created Report is displaying same as per the set configuration in report setup</message>
  <nestedLevel>1</nestedLevel>
</record>
<record>
  <date>2020-03-30T18:23:07</date>
  <millis>1585572787092</millis>
  <sequence>178</sequence>
  <level>PASSED</level>
  <class>com.kms.katalon.core.logging.XmlKeywordLogger</class>
  <method>logMessage</method>
  <thread>1</thread>
  <message>Call Test Case &amp;apos;Test Cases/CrossLocationReportBuilder_TestCases/TC77_Verify Created Report is displaying same as per the set configuration in report setup&amp;apos; successfully</message>
  <nestedLevel>1</nestedLevel>
</record>
<record>
  <date>2020-03-30T18:23:07</date>
  <millis>1585572787150</millis>
  <sequence>181</sequence>
  <level>START</level>
  <class>com.kms.katalon.core.logging.XmlKeywordLogger</class>
  <method>startTest</method>
  <thread>1</thread>
  <message>Start Test Case : Test Cases/ReportBuilder_Pages/CreatedReports/Verify Date Picker is displayed as defined Data Grain</message>
  <nestedLevel>2</nestedLevel>
  <property name="name">Test Cases/ReportBuilder_Pages/CreatedReports/Verify Date Picker is displayed as defined Data Grain</property>
  <property name="description"></property>
  <property name="id">Test Cases/ReportBuilder_Pages/CreatedReports/Verify Date Picker is displayed as defined Data Grain</property>
  <property name="source">D:\\Users\\bksangani\\Katalon Studio\\ReportBuilderV1\\Test Cases\\ReportBuilder_Pages\\CreatedReports\\Verify Date Picker is displayed as defined Data Grain.tc</property>
  <property name="tag"></property>
  <property name="isOptional">false</property>
</record>
<record>
  <date>2020-03-30T18:23:07</date>
  <millis>1585572787485</millis>
  <sequence>187</sequence>
  <level>WARNING</level>
  <class>com.kms.katalon.core.logging.XmlKeywordLogger</class>
  <method>logMessage</method>
  <thread>1</thread>
  <message>Timeout &amp;apos;0&amp;apos; is invalid. Using default page load timeout: &amp;apos;30&amp;apos;</message>
  <nestedLevel>2</nestedLevel>
</record>
<record>
  <date>2020-03-30T18:23:07</date>
  <millis>1585572787509</millis>
  <sequence>190</sequence>
  <level>PASSED</level>
  <class>com.kms.katalon.core.logging.XmlKeywordLogger</class>
  <method>logMessage</method>
  <thread>1</thread>
  <message>Object &amp;apos;Object Repository/Created Reports Objects/StartDate&amp;apos; is present</message>
  <nestedLevel>2</nestedLevel>
</record>
<record>
  <date>2020-03-30T18:23:07</date>
  <millis>1585572787560</millis>
  <sequence>195</sequence>
  <level>WARNING</level>
  <class>com.kms.katalon.core.logging.XmlKeywordLogger</class>
  <method>logMessage</method>
  <thread>1</thread>
  <message>Timeout &amp;apos;0&amp;apos; is invalid. Using default page load timeout: &amp;apos;30&amp;apos;</message>
  <nestedLevel>2</nestedLevel>
</record>
<record>
  <date>2020-03-30T18:23:07</date>
  <millis>1585572787584</millis>
  <sequence>198</sequence>
  <level>PASSED</level>
  <class>com.kms.katalon.core.logging.XmlKeywordLogger</class>
  <method>logMessage</method>
  <thread>1</thread>
  <message>Object &amp;apos;Object Repository/Created Reports Objects/EndDate&amp;apos; is present</message>
  <nestedLevel>2</nestedLevel>
</record>
<record>
  <date>2020-03-30T18:23:07</date>
  <millis>1585572787674</millis>
  <sequence>206</sequence>
  <level>PASSED</level>
  <class>com.kms.katalon.core.logging.XmlKeywordLogger</class>
  <method>logMessage</method>
  <thread>1</thread>
  <message>Text of object &amp;apos;Object Repository/Created Reports Objects/StartDate&amp;apos; is: &amp;apos;Start Week:&amp;apos;</message>
  <nestedLevel>2</nestedLevel>
</record>
<record>
  <date>2020-03-30T18:23:07</date>
  <millis>1585572787763</millis>
  <sequence>214</sequence>
  <level>PASSED</level>
  <class>com.kms.katalon.core.logging.XmlKeywordLogger</class>
  <method>logMessage</method>
  <thread>1</thread>
  <message>Text of object &amp;apos;Object Repository/Created Reports Objects/EndDate&amp;apos; is: &amp;apos;End Week:&amp;apos;</message>
  <nestedLevel>2</nestedLevel>
</record>
<record>
  <date>2020-03-30T18:23:07</date>
  <millis>1585572787823</millis>
  <sequence>217</sequence>
  <level>START</level>
  <class>com.kms.katalon.core.logging.XmlKeywordLogger</class>
  <method>startTest</method>
  <thread>1</thread>
  <message>Start Test Case : Test Cases/ReportBuilder_Pages/CreatedReports/setStartDate</message>
  <nestedLevel>3</nestedLevel>
  <property name="name">Test Cases/ReportBuilder_Pages/CreatedReports/setStartDate</property>
  <property name="description"></property>
  <property name="id">Test Cases/ReportBuilder_Pages/CreatedReports/setStartDate</property>
  <property name="source">D:\\Users\\bksangani\\Katalon Studio\\ReportBuilderV1\\Test Cases\\ReportBuilder_Pages\\CreatedReports\\setStartDate.tc</property>
  <property name="tag"></property>
  <property name="isOptional">false</property>
</record>
<record>
  <date>2020-03-30T18:23:07</date>
  <millis>1585572787836</millis>
  <sequence>219</sequence>
  <level>INFO</level>
  <class>com.kms.katalon.core.logging.XmlKeywordLogger</class>
  <method>logMessage</method>
  <thread>1</thread>
  <message>StartMonthYear = Oct, 2019</message>
  <nestedLevel>3</nestedLevel>
</record>
<record>
  <date>2020-03-30T18:23:07</date>
  <millis>1585572787837</millis>
  <sequence>220</sequence>
  <level>INFO</level>
  <class>com.kms.katalon.core.logging.XmlKeywordLogger</class>
  <method>logMessage</method>
  <thread>1</thread>
  <message>StartDate = 27</message>
  <nestedLevel>3</nestedLevel>
</record>
<record>
  <date>2020-03-30T18:23:08</date>
  <millis>1585572788298</millis>
  <sequence>228</sequence>
  <level>PASSED</level>
  <class>com.kms.katalon.core.logging.XmlKeywordLogger</class>
  <method>logMessage</method>
  <thread>1</thread>
  <message>Object &amp;apos;Object Repository/ReportBuilderUI/StartDatePicker&amp;apos; is clickable</message>
  <nestedLevel>3</nestedLevel>
</record>
<record>
  <date>2020-03-30T18:23:08</date>
  <millis>1585572788618</millis>
  <sequence>238</sequence>
  <level>PASSED</level>
  <class>com.kms.katalon.core.logging.XmlKeywordLogger</class>
  <method>logMessage</method>
  <thread>1</thread>
  <message>Object: &amp;apos;Object Repository/ReportBuilderUI/StartDatePicker&amp;apos; is clicked on</message>
  <nestedLevel>3</nestedLevel>
</record>
<record>
  <date>2020-03-30T18:23:08</date>
  <millis>1585572788726</millis>
  <sequence>246</sequence>
  <level>PASSED</level>
  <class>com.kms.katalon.core.logging.XmlKeywordLogger</class>
  <method>logMessage</method>
  <thread>1</thread>
  <message>Text of object &amp;apos;Object Repository/ReportBuilderUI/MonthValue&amp;apos; is: &amp;apos;Mar, 2020&amp;apos;</message>
  <nestedLevel>3</nestedLevel>
</record>
<record>
  <date>2020-03-30T18:23:09</date>
  <millis>1585572789043</millis>
  <sequence>256</sequence>
  <level>PASSED</level>
  <class>com.kms.katalon.core.logging.XmlKeywordLogger</class>
  <method>logMessage</method>
  <thread>1</thread>
  <message>Object: &amp;apos;Object Repository/ReportBuilderUI/cld_backbtn&amp;apos; is clicked on</message>
  <nestedLevel>3</nestedLevel>
</record>
<record>
  <date>2020-03-30T18:23:09</date>
  <millis>1585572789133</millis>
  <sequence>264</sequence>
  <level>PASSED</level>
  <class>com.kms.katalon.core.logging.XmlKeywordLogger</class>
  <method>logMessage</method>
  <thread>1</thread>
  <message>Text of object &amp;apos;Object Repository/ReportBuilderUI/MonthValue&amp;apos; is: &amp;apos;Feb, 2020&amp;apos;</message>
  <nestedLevel>3</nestedLevel>
</record>
<record>
  <date>2020-03-30T18:23:09</date>
  <millis>1585572789372</millis>
  <sequence>274</sequence>
  <level>PASSED</level>
  <class>com.kms.katalon.core.logging.XmlKeywordLogger</class>
  <method>logMessage</method>
  <thread>1</thread>
  <message>Object: &amp;apos;Object Repository/ReportBuilderUI/cld_backbtn&amp;apos; is clicked on</message>
  <nestedLevel>3</nestedLevel>
</record>
<record>
  <date>2020-03-30T18:23:09</date>
  <millis>1585572789460</millis>
  <sequence>282</sequence>
  <level>PASSED</level>
  <class>com.kms.katalon.core.logging.XmlKeywordLogger</class>
  <method>logMessage</method>
  <thread>1</thread>
  <message>Text of object &amp;apos;Object Repository/ReportBuilderUI/MonthValue&amp;apos; is: &amp;apos;Jan, 2020&amp;apos;</message>
  <nestedLevel>3</nestedLevel>
</record>
<record>
  <date>2020-03-30T18:23:09</date>
  <millis>1585572789685</millis>
  <sequence>292</sequence>
  <level>PASSED</level>
  <class>com.kms.katalon.core.logging.XmlKeywordLogger</class>
  <method>logMessage</method>
  <thread>1</thread>
  <message>Object: &amp;apos;Object Repository/ReportBuilderUI/cld_backbtn&amp;apos; is clicked on</message>
  <nestedLevel>3</nestedLevel>
</record>
<record>
  <date>2020-03-30T18:23:09</date>
  <millis>1585572789767</millis>
  <sequence>300</sequence>
  <level>PASSED</level>
  <class>com.kms.katalon.core.logging.XmlKeywordLogger</class>
  <method>logMessage</method>
  <thread>1</thread>
  <message>Text of object &amp;apos;Object Repository/ReportBuilderUI/MonthValue&amp;apos; is: &amp;apos;Dec, 2019&amp;apos;</message>
  <nestedLevel>3</nestedLevel>
</record>
<record>
  <date>2020-03-30T18:23:10</date>
  <millis>1585572790023</millis>
  <sequence>310</sequence>
  <level>PASSED</level>
  <class>com.kms.katalon.core.logging.XmlKeywordLogger</class>
  <method>logMessage</method>
  <thread>1</thread>
  <message>Object: &amp;apos;Object Repository/ReportBuilderUI/cld_backbtn&amp;apos; is clicked on</message>
  <nestedLevel>3</nestedLevel>
</record>
<record>
  <date>2020-03-30T18:23:10</date>
  <millis>1585572790107</millis>
  <sequence>318</sequence>
  <level>PASSED</level>
  <class>com.kms.katalon.core.logging.XmlKeywordLogger</class>
  <method>logMessage</method>
  <thread>1</thread>
  <message>Text of object &amp;apos;Object Repository/ReportBuilderUI/MonthValue&amp;apos; is: &amp;apos;Nov, 2019&amp;apos;</message>
  <nestedLevel>3</nestedLevel>
</record>
<record>
  <date>2020-03-30T18:23:10</date>
  <millis>1585572790329</millis>
  <sequence>328</sequence>
  <level>PASSED</level>
  <class>com.kms.katalon.core.logging.XmlKeywordLogger</class>
  <method>logMessage</method>
  <thread>1</thread>
  <message>Object: &amp;apos;Object Repository/ReportBuilderUI/cld_backbtn&amp;apos; is clicked on</message>
  <nestedLevel>3</nestedLevel>
</record>
<record>
  <date>2020-03-30T18:23:10</date>
  <millis>1585572790413</millis>
  <sequence>336</sequence>
  <level>PASSED</level>
  <class>com.kms.katalon.core.logging.XmlKeywordLogger</class>
  <method>logMessage</method>
  <thread>1</thread>
  <message>Text of object &amp;apos;Object Repository/ReportBuilderUI/MonthValue&amp;apos; is: &amp;apos;Oct, 2019&amp;apos;</message>
  <nestedLevel>3</nestedLevel>
</record>
<record>
  <date>2020-03-30T18:23:11</date>
  <millis>1585572791480</millis>
  <sequence>337</sequence>
  <level>PASSED</level>
  <class>com.kms.katalon.core.logging.XmlKeywordLogger</class>
  <method>logMessage</method>
  <thread>1</thread>
  <message>Test Cases/ReportBuilder_Pages/CreatedReports/setStartDate</message>
  <nestedLevel>3</nestedLevel>
</record>
<record>
  <date>2020-03-30T18:23:11</date>
  <millis>1585572791481</millis>
  <sequence>338</sequence>
  <level>END</level>
  <class>com.kms.katalon.core.logging.XmlKeywordLogger</class>
  <method>endTest</method>
  <thread>1</thread>
  <message>End Test Case : Test Cases/ReportBuilder_Pages/CreatedReports/setStartDate</message>
  <nestedLevel>2</nestedLevel>
</record>
<record>
  <date>2020-03-30T18:23:11</date>
  <millis>1585572791482</millis>
  <sequence>339</sequence>
  <level>PASSED</level>
  <class>com.kms.katalon.core.logging.XmlKeywordLogger</class>
  <method>logMessage</method>
  <thread>1</thread>
  <message>Call Test Case &amp;apos;Test Cases/ReportBuilder_Pages/CreatedReports/setStartDate&amp;apos; successfully</message>
  <nestedLevel>2</nestedLevel>
</record>
<record>
  <date>2020-03-30T18:23:11</date>
  <millis>1585572791541</millis>
  <sequence>342</sequence>
  <level>START</level>
  <class>com.kms.katalon.core.logging.XmlKeywordLogger</class>
  <method>startTest</method>
  <thread>1</thread>
  <message>Start Test Case : Test Cases/ReportBuilder_Pages/CreatedReports/setEndDate</message>
  <nestedLevel>3</nestedLevel>
  <property name="name">Test Cases/ReportBuilder_Pages/CreatedReports/setEndDate</property>
  <property name="description"></property>
  <property name="id">Test Cases/ReportBuilder_Pages/CreatedReports/setEndDate</property>
  <property name="source">D:\\Users\\bksangani\\Katalon Studio\\ReportBuilderV1\\Test Cases\\ReportBuilder_Pages\\CreatedReports\\setEndDate.tc</property>
  <property name="tag"></property>
  <property name="isOptional">false</property>
</record>
<record>
  <date>2020-03-30T18:23:11</date>
  <millis>1585572791554</millis>
  <sequence>344</sequence>
  <level>INFO</level>
  <class>com.kms.katalon.core.logging.XmlKeywordLogger</class>
  <method>logMessage</method>
  <thread>1</thread>
  <message>EndMonthYear = Nov, 2019</message>
  <nestedLevel>3</nestedLevel>
</record>
<record>
  <date>2020-03-30T18:23:11</date>
  <millis>1585572791554</millis>
  <sequence>345</sequence>
  <level>INFO</level>
  <class>com.kms.katalon.core.logging.XmlKeywordLogger</class>
  <method>logMessage</method>
  <thread>1</thread>
  <message>EndDate = 23</message>
  <nestedLevel>3</nestedLevel>
</record>
<record>
  <date>2020-03-30T18:23:11</date>
  <millis>1585572791963</millis>
  <sequence>353</sequence>
  <level>PASSED</level>
  <class>com.kms.katalon.core.logging.XmlKeywordLogger</class>
  <method>logMessage</method>
  <thread>1</thread>
  <message>Object &amp;apos;Object Repository/ReportBuilderUI/EndDatePicker&amp;apos; is clickable</message>
  <nestedLevel>3</nestedLevel>
</record>
<record>
  <date>2020-03-30T18:23:12</date>
  <millis>1585572792198</millis>
  <sequence>363</sequence>
  <level>PASSED</level>
  <class>com.kms.katalon.core.logging.XmlKeywordLogger</class>
  <method>logMessage</method>
  <thread>1</thread>
  <message>Object: &amp;apos;Object Repository/ReportBuilderUI/EndDatePicker&amp;apos; is clicked on</message>
  <nestedLevel>3</nestedLevel>
</record>
<record>
  <date>2020-03-30T18:23:12</date>
  <millis>1585572792332</millis>
  <sequence>371</sequence>
  <level>PASSED</level>
  <class>com.kms.katalon.core.logging.XmlKeywordLogger</class>
  <method>logMessage</method>
  <thread>1</thread>
  <message>Text of object &amp;apos;Object Repository/ReportBuilderUI/EndMonthValue&amp;apos; is: &amp;apos;Mar, 2020&amp;apos;</message>
  <nestedLevel>3</nestedLevel>
</record>
<record>
  <date>2020-03-30T18:23:12</date>
  <millis>1585572792594</millis>
  <sequence>381</sequence>
  <level>PASSED</level>
  <class>com.kms.katalon.core.logging.XmlKeywordLogger</class>
  <method>logMessage</method>
  <thread>1</thread>
  <message>Object: &amp;apos;Object Repository/ReportBuilderUI/cld_backButttonEndMonth&amp;apos; is clicked on</message>
  <nestedLevel>3</nestedLevel>
</record>
<record>
  <date>2020-03-30T18:23:12</date>
  <millis>1585572792681</millis>
  <sequence>389</sequence>
  <level>PASSED</level>
  <class>com.kms.katalon.core.logging.XmlKeywordLogger</class>
  <method>logMessage</method>
  <thread>1</thread>
  <message>Text of object &amp;apos;Object Repository/ReportBuilderUI/EndMonthValue&amp;apos; is: &amp;apos;Feb, 2020&amp;apos;</message>
  <nestedLevel>3</nestedLevel>
</record>
<record>
  <date>2020-03-30T18:23:12</date>
  <millis>1585572792904</millis>
  <sequence>399</sequence>
  <level>PASSED</level>
  <class>com.kms.katalon.core.logging.XmlKeywordLogger</class>
  <method>logMessage</method>
  <thread>1</thread>
  <message>Object: &amp;apos;Object Repository/ReportBuilderUI/cld_backButttonEndMonth&amp;apos; is clicked on</message>
  <nestedLevel>3</nestedLevel>
</record>
<record>
  <date>2020-03-30T18:23:12</date>
  <millis>1585572792989</millis>
  <sequence>407</sequence>
  <level>PASSED</level>
  <class>com.kms.katalon.core.logging.XmlKeywordLogger</class>
  <method>logMessage</method>
  <thread>1</thread>
  <message>Text of object &amp;apos;Object Repository/ReportBuilderUI/EndMonthValue&amp;apos; is: &amp;apos;Jan, 2020&amp;apos;</message>
  <nestedLevel>3</nestedLevel>
</record>
<record>
  <date>2020-03-30T18:23:13</date>
  <millis>1585572793201</millis>
  <sequence>417</sequence>
  <level>PASSED</level>
  <class>com.kms.katalon.core.logging.XmlKeywordLogger</class>
  <method>logMessage</method>
  <thread>1</thread>
  <message>Object: &amp;apos;Object Repository/ReportBuilderUI/cld_backButttonEndMonth&amp;apos; is clicked on</message>
  <nestedLevel>3</nestedLevel>
</record>
<record>
  <date>2020-03-30T18:23:13</date>
  <millis>1585572793279</millis>
  <sequence>425</sequence>
  <level>PASSED</level>
  <class>com.kms.katalon.core.logging.XmlKeywordLogger</class>
  <method>logMessage</method>
  <thread>1</thread>
  <message>Text of object &amp;apos;Object Repository/ReportBuilderUI/EndMonthValue&amp;apos; is: &amp;apos;Dec, 2019&amp;apos;</message>
  <nestedLevel>3</nestedLevel>
</record>
<record>
  <date>2020-03-30T18:23:13</date>
  <millis>1585572793484</millis>
  <sequence>435</sequence>
  <level>PASSED</level>
  <class>com.kms.katalon.core.logging.XmlKeywordLogger</class>
  <method>logMessage</method>
  <thread>1</thread>
  <message>Object: &amp;apos;Object Repository/ReportBuilderUI/cld_backButttonEndMonth&amp;apos; is clicked on</message>
  <nestedLevel>3</nestedLevel>
</record>
<record>
  <date>2020-03-30T18:23:13</date>
  <millis>1585572793565</millis>
  <sequence>443</sequence>
  <level>PASSED</level>
  <class>com.kms.katalon.core.logging.XmlKeywordLogger</class>
  <method>logMessage</method>
  <thread>1</thread>
  <message>Text of object &amp;apos;Object Repository/ReportBuilderUI/EndMonthValue&amp;apos; is: &amp;apos;Nov, 2019&amp;apos;</message>
  <nestedLevel>3</nestedLevel>
</record>
<record>
  <date>2020-03-30T18:23:15</date>
  <millis>1585572795215</millis>
  <sequence>444</sequence>
  <level>PASSED</level>
  <class>com.kms.katalon.core.logging.XmlKeywordLogger</class>
  <method>logMessage</method>
  <thread>1</thread>
  <message>Test Cases/ReportBuilder_Pages/CreatedReports/setEndDate</message>
  <nestedLevel>3</nestedLevel>
</record>
<record>
  <date>2020-03-30T18:23:15</date>
  <millis>1585572795217</millis>
  <sequence>445</sequence>
  <level>END</level>
  <class>com.kms.katalon.core.logging.XmlKeywordLogger</class>
  <method>endTest</method>
  <thread>1</thread>
  <message>End Test Case : Test Cases/ReportBuilder_Pages/CreatedReports/setEndDate</message>
  <nestedLevel>2</nestedLevel>
</record>
<record>
  <date>2020-03-30T18:23:15</date>
  <millis>1585572795217</millis>
  <sequence>446</sequence>
  <level>PASSED</level>
  <class>com.kms.katalon.core.logging.XmlKeywordLogger</class>
  <method>logMessage</method>
  <thread>1</thread>
  <message>Call Test Case &amp;apos;Test Cases/ReportBuilder_Pages/CreatedReports/setEndDate&amp;apos; successfully</message>
  <nestedLevel>2</nestedLevel>
</record>
<record>
  <date>2020-03-30T18:23:15</date>
  <millis>1585572795280</millis>
  <sequence>449</sequence>
  <level>START</level>
  <class>com.kms.katalon.core.logging.XmlKeywordLogger</class>
  <method>startTest</method>
  <thread>1</thread>
  <message>Start Test Case : Test Cases/ReportBuilder_Pages/CreatedReports/Select stores 2</message>
  <nestedLevel>3</nestedLevel>
  <property name="name">Test Cases/ReportBuilder_Pages/CreatedReports/Select stores 2</property>
  <property name="description"></property>
  <property name="id">Test Cases/ReportBuilder_Pages/CreatedReports/Select stores 2</property>
  <property name="source">D:\\Users\\bksangani\\Katalon Studio\\ReportBuilderV1\\Test Cases\\ReportBuilder_Pages\\CreatedReports\\Select stores 2.tc</property>
  <property name="tag"></property>
  <property name="isOptional">false</property>
</record>
<record>
  <date>2020-03-30T18:23:15</date>
  <millis>1585572795288</millis>
  <sequence>451</sequence>
  <level>INFO</level>
  <class>com.kms.katalon.core.logging.XmlKeywordLogger</class>
  <method>logMessage</method>
  <thread>1</thread>
  <message>StoreName = Union Ave</message>
  <nestedLevel>3</nestedLevel>
</record>
<record>
  <date>2020-03-30T18:23:15</date>
  <millis>1585572795921</millis>
  <sequence>461</sequence>
  <level>PASSED</level>
  <class>com.kms.katalon.core.logging.XmlKeywordLogger</class>
  <method>logMessage</method>
  <thread>1</thread>
  <message>Object: &amp;apos;Object Repository/Created Reports Objects/drp_StoreSelector&amp;apos; is clicked on</message>
  <nestedLevel>3</nestedLevel>
</record>
<record>
  <date>2020-03-30T18:23:16</date>
  <millis>1585572796009</millis>
  <sequence>469</sequence>
  <level>PASSED</level>
  <class>com.kms.katalon.core.logging.XmlKeywordLogger</class>
  <method>logMessage</method>
  <thread>1</thread>
  <message>Object &amp;apos;Object Repository/Created Reports Objects/btn_checkAll&amp;apos; is clickable</message>
  <nestedLevel>3</nestedLevel>
</record>
<record>
  <date>2020-03-30T18:23:16</date>
  <millis>1585572796225</millis>
  <sequence>479</sequence>
  <level>PASSED</level>
  <class>com.kms.katalon.core.logging.XmlKeywordLogger</class>
  <method>logMessage</method>
  <thread>1</thread>
  <message>Object: &amp;apos;Object Repository/Created Reports Objects/btn_checkAll&amp;apos; is clicked on</message>
  <nestedLevel>3</nestedLevel>
</record>
<record>
  <date>2020-03-30T18:23:16</date>
  <millis>1585572796447</millis>
  <sequence>489</sequence>
  <level>PASSED</level>
  <class>com.kms.katalon.core.logging.XmlKeywordLogger</class>
  <method>logMessage</method>
  <thread>1</thread>
  <message>Object: &amp;apos;Object Repository/Created Reports Objects/link_uncheckAll&amp;apos; is clicked on</message>
  <nestedLevel>3</nestedLevel>
</record>
<record>
  <date>2020-03-30T18:23:16</date>
  <millis>1585572796617</millis>
  <sequence>499</sequence>
  <level>PASSED</level>
  <class>com.kms.katalon.core.logging.XmlKeywordLogger</class>
  <method>logMessage</method>
  <thread>1</thread>
  <message>Object: &amp;apos;Object Repository/Created Reports Objects/input_SearchStores&amp;apos; is clicked on</message>
  <nestedLevel>3</nestedLevel>
</record>
<record>
  <date>2020-03-30T18:23:17</date>
  <millis>1585572797260</millis>
  <sequence>509</sequence>
  <level>PASSED</level>
  <class>com.kms.katalon.core.logging.XmlKeywordLogger</class>
  <method>logMessage</method>
  <thread>1</thread>
  <message>Text &amp;apos;Union Ave&amp;apos; is set on object &amp;apos;Object Repository/Created Reports Objects/input_SearchStores&amp;apos;</message>
  <nestedLevel>3</nestedLevel>
</record>
<record>
  <date>2020-03-30T18:23:17</date>
  <millis>1585572797419</millis>
  <sequence>510</sequence>
  <level>PASSED</level>
  <class>com.kms.katalon.core.logging.XmlKeywordLogger</class>
  <method>logMessage</method>
  <thread>1</thread>
  <message>Test Cases/ReportBuilder_Pages/CreatedReports/Select stores 2</message>
  <nestedLevel>3</nestedLevel>
</record>
<record>
  <date>2020-03-30T18:23:17</date>
  <millis>1585572797420</millis>
  <sequence>511</sequence>
  <level>END</level>
  <class>com.kms.katalon.core.logging.XmlKeywordLogger</class>
  <method>endTest</method>
  <thread>1</thread>
  <message>End Test Case : Test Cases/ReportBuilder_Pages/CreatedReports/Select stores 2</message>
  <nestedLevel>2</nestedLevel>
</record>
<record>
  <date>2020-03-30T18:23:17</date>
  <millis>1585572797421</millis>
  <sequence>512</sequence>
  <level>PASSED</level>
  <class>com.kms.katalon.core.logging.XmlKeywordLogger</class>
  <method>logMessage</method>
  <thread>1</thread>
  <message>Call Test Case &amp;apos;Test Cases/ReportBuilder_Pages/CreatedReports/Select stores 2&amp;apos; successfully</message>
  <nestedLevel>2</nestedLevel>
</record>
<record>
  <date>2020-03-30T18:23:17</date>
  <millis>1585572797479</millis>
  <sequence>515</sequence>
  <level>START</level>
  <class>com.kms.katalon.core.logging.XmlKeywordLogger</class>
  <method>startTest</method>
  <thread>1</thread>
  <message>Start Test Case : Test Cases/ReportBuilder_Pages/CreatedReports/HitRefresh</message>
  <nestedLevel>3</nestedLevel>
  <property name="name">Test Cases/ReportBuilder_Pages/CreatedReports/HitRefresh</property>
  <property name="description"></property>
  <property name="id">Test Cases/ReportBuilder_Pages/CreatedReports/HitRefresh</property>
  <property name="source">D:\\Users\\bksangani\\Katalon Studio\\ReportBuilderV1\\Test Cases\\ReportBuilder_Pages\\CreatedReports\\HitRefresh.tc</property>
  <property name="tag"></property>
  <property name="isOptional">false</property>
</record>
<record>
  <date>2020-03-30T18:23:17</date>
  <millis>1585572797878</millis>
  <sequence>526</sequence>
  <level>PASSED</level>
  <class>com.kms.katalon.core.logging.XmlKeywordLogger</class>
  <method>logMessage</method>
  <thread>1</thread>
  <message>Object: &amp;apos;Object Repository/ReportBuilderUI/btn_Refresh&amp;apos; is clicked on</message>
  <nestedLevel>3</nestedLevel>
</record>
<record>
  <date>2020-03-30T18:23:17</date>
  <millis>1585572797878</millis>
  <sequence>527</sequence>
  <level>PASSED</level>
  <class>com.kms.katalon.core.logging.XmlKeywordLogger</class>
  <method>logMessage</method>
  <thread>1</thread>
  <message>Test Cases/ReportBuilder_Pages/CreatedReports/HitRefresh</message>
  <nestedLevel>3</nestedLevel>
</record>
<record>
  <date>2020-03-30T18:23:17</date>
  <millis>1585572797879</millis>
  <sequence>528</sequence>
  <level>END</level>
  <class>com.kms.katalon.core.logging.XmlKeywordLogger</class>
  <method>endTest</method>
  <thread>1</thread>
  <message>End Test Case : Test Cases/ReportBuilder_Pages/CreatedReports/HitRefresh</message>
  <nestedLevel>2</nestedLevel>
</record>
<record>
  <date>2020-03-30T18:23:17</date>
  <millis>1585572797879</millis>
  <sequence>529</sequence>
  <level>PASSED</level>
  <class>com.kms.katalon.core.logging.XmlKeywordLogger</class>
  <method>logMessage</method>
  <thread>1</thread>
  <message>Call Test Case &amp;apos;Test Cases/ReportBuilder_Pages/CreatedReports/HitRefresh&amp;apos; successfully</message>
  <nestedLevel>2</nestedLevel>
</record>
<record>
  <date>2020-03-30T18:23:17</date>
  <millis>1585572797967</millis>
  <sequence>537</sequence>
  <level>PASSED</level>
  <class>com.kms.katalon.core.logging.XmlKeywordLogger</class>
  <method>logMessage</method>
  <thread>1</thread>
  <message>Object &amp;apos;Object Repository/ReportBuilderUI/Progress_Bar&amp;apos; is visible</message>
  <nestedLevel>2</nestedLevel>
</record>
<record>
  <date>2020-03-30T18:23:24</date>
  <millis>1585572804751</millis>
  <sequence>545</sequence>
  <level>PASSED</level>
  <class>com.kms.katalon.core.logging.XmlKeywordLogger</class>
  <method>logMessage</method>
  <thread>1</thread>
  <message>Object &amp;apos;Object Repository/ReportBuilderUI/Progress_Bar&amp;apos; is NOT visible</message>
  <nestedLevel>2</nestedLevel>
</record>
<record>
  <date>2020-03-30T18:23:24</date>
  <millis>1585572804752</millis>
  <sequence>546</sequence>
  <level>PASSED</level>
  <class>com.kms.katalon.core.logging.XmlKeywordLogger</class>
  <method>logMessage</method>
  <thread>1</thread>
  <message>Test Cases/ReportBuilder_Pages/CreatedReports/Verify Date Picker is displayed as defined Data Grain</message>
  <nestedLevel>2</nestedLevel>
</record>
<record>
  <date>2020-03-30T18:23:24</date>
  <millis>1585572804752</millis>
  <sequence>547</sequence>
  <level>END</level>
  <class>com.kms.katalon.core.logging.XmlKeywordLogger</class>
  <method>endTest</method>
  <thread>1</thread>
  <message>End Test Case : Test Cases/ReportBuilder_Pages/CreatedReports/Verify Date Picker is displayed as defined Data Grain</message>
  <nestedLevel>1</nestedLevel>
</record>
<record>
  <date>2020-03-30T18:23:24</date>
  <millis>1585572804753</millis>
  <sequence>548</sequence>
  <level>PASSED</level>
  <class>com.kms.katalon.core.logging.XmlKeywordLogger</class>
  <method>logMessage</method>
  <thread>1</thread>
  <message>Call Test Case &amp;apos;Test Cases/ReportBuilder_Pages/CreatedReports/Verify Date Picker is displayed as defined Data Grain&amp;apos; successfully</message>
  <nestedLevel>1</nestedLevel>
</record>
<record>
  <date>2020-03-30T18:23:24</date>
  <millis>1585572804753</millis>
  <sequence>549</sequence>
  <level>NOT_RUN</level>
  <class>com.kms.katalon.core.logging.XmlKeywordLogger</class>
  <method>logMessage</method>
  <thread>1</thread>
  <message>NOT_RUN: NoOfDaysFromReports = []</message>
  <nestedLevel>1</nestedLevel>
</record>
<record>
  <date>2020-03-30T18:23:24</date>
  <millis>1585572804754</millis>
  <sequence>550</sequence>
  <level>NOT_RUN</level>
  <class>com.kms.katalon.core.logging.XmlKeywordLogger</class>
  <method>logMessage</method>
  <thread>1</thread>
  <message>NOT_RUN: NoOfDaysFromReports = callTestCase(findTestCase(\&amp;quot;ReportBuilder_Pages/CreatedReports/Verify Dates on report based on selected present data by\&amp;quot;), [:], CONTINUE_ON_FAILURE)</message>
  <nestedLevel>1</nestedLevel>
</record>
<record>
  <date>2020-03-30T18:23:24</date>
  <millis>1585572804755</millis>
  <sequence>551</sequence>
  <level>NOT_RUN</level>
  <class>com.kms.katalon.core.logging.XmlKeywordLogger</class>
  <method>logMessage</method>
  <thread>1</thread>
  <message>NOT_RUN: callTestCase(findTestCase(\&amp;quot;ReportBuilder_Pages/CreatedReports/Verify all added columns in report is same as added during set up\&amp;quot;), [\&amp;quot;AddedColumnsSize\&amp;quot;:TotalNoOfColumnsAdded, \&amp;quot;SetUpList\&amp;quot;:ColumnListNew], CONTINUE_ON_FAILURE)</message>
  <nestedLevel>1</nestedLevel>
</record>
<record>
  <date>2020-03-30T18:23:24</date>
  <millis>1585572804755</millis>
  <sequence>552</sequence>
  <level>NOT_RUN</level>
  <class>com.kms.katalon.core.logging.XmlKeywordLogger</class>
  <method>logMessage</method>
  <thread>1</thread>
  <message>NOT_RUN: callTestCase(findTestCase(\&amp;quot;ReportBuilder_Pages/Restaurant_Intranet_Dashboard_Page/Fetch variable values from created report and do comapre with calendar values for each week\&amp;quot;), [\&amp;quot;SetUpListToGetData\&amp;quot;:valuesFromCalendarDashboard, \&amp;quot;DayWiseDates\&amp;quot;:NoOfDaysFromReports, \&amp;quot;NoOfAddedColumns\&amp;quot;:TotalNoOfColumnsAdded], CONTINUE_ON_FAILURE)</message>
  <nestedLevel>1</nestedLevel>
</record>
<record>
  <date>2020-03-30T18:23:24</date>
  <millis>1585572804813</millis>
  <sequence>555</sequence>
  <level>START</level>
  <class>com.kms.katalon.core.logging.XmlKeywordLogger</class>
  <method>startTest</method>
  <thread>1</thread>
  <message>Start Test Case : Test Cases/ReportBuilder_CleanUp/cleanUp Reports</message>
  <nestedLevel>2</nestedLevel>
  <property name="name">Test Cases/ReportBuilder_CleanUp/cleanUp Reports</property>
  <property name="description"></property>
  <property name="id">Test Cases/ReportBuilder_CleanUp/cleanUp Reports</property>
  <property name="source">D:\\Users\\bksangani\\Katalon Studio\\ReportBuilderV1\\Test Cases\\ReportBuilder_CleanUp\\cleanUp Reports.tc</property>
  <property name="tag"></property>
  <property name="isOptional">false</property>
</record>
<record>
  <date>2020-03-30T18:23:24</date>
  <millis>1585572804822</millis>
  <sequence>557</sequence>
  <level>INFO</level>
  <class>com.kms.katalon.core.logging.XmlKeywordLogger</class>
  <method>logMessage</method>
  <thread>1</thread>
  <message>SearchReport = Weekly Sales</message>
  <nestedLevel>2</nestedLevel>
</record>
<record>
  <date>2020-03-30T18:23:28</date>
  <millis>1585572808059</millis>
  <sequence>559</sequence>
  <level>PASSED</level>
  <class>com.kms.katalon.core.logging.XmlKeywordLogger</class>
  <method>logMessage</method>
  <thread>1</thread>
  <message>Delayed 3 second(s)</message>
  <nestedLevel>2</nestedLevel>
</record>
<record>
  <date>2020-03-30T18:23:28</date>
  <millis>1585572808290</millis>
  <sequence>568</sequence>
  <level>PASSED</level>
  <class>com.kms.katalon.core.logging.XmlKeywordLogger</class>
  <method>logMessage</method>
  <thread>1</thread>
  <message>Object: &amp;apos;Object Repository/Page_Restaurant Intranet/Left_Nav_Bar/link_CrossLocationReportIcon&amp;apos; is hovered</message>
  <nestedLevel>2</nestedLevel>
</record>
<record>
  <date>2020-03-30T18:23:28</date>
  <millis>1585572808451</millis>
  <sequence>578</sequence>
  <level>PASSED</level>
  <class>com.kms.katalon.core.logging.XmlKeywordLogger</class>
  <method>logMessage</method>
  <thread>1</thread>
  <message>Object: &amp;apos;Object Repository/Left Nav Bar/Back_Btn&amp;apos; is clicked on</message>
  <nestedLevel>2</nestedLevel>
</record>
<record>
  <date>2020-03-30T18:23:31</date>
  <millis>1585572811454</millis>
  <sequence>580</sequence>
  <level>PASSED</level>
  <class>com.kms.katalon.core.logging.XmlKeywordLogger</class>
  <method>logMessage</method>
  <thread>1</thread>
  <message>Delayed 3 second(s)</message>
  <nestedLevel>2</nestedLevel>
</record>
<record>
  <date>2020-03-30T18:23:31</date>
  <millis>1585572811541</millis>
  <sequence>588</sequence>
  <level>PASSED</level>
  <class>com.kms.katalon.core.logging.XmlKeywordLogger</class>
  <method>logMessage</method>
  <thread>1</thread>
  <message>Object &amp;apos;Object Repository/Page_Restaurant Intranet/Left_Nav_Bar/link_Setup&amp;apos; is clickable</message>
  <nestedLevel>2</nestedLevel>
</record>
<record>
  <date>2020-03-30T18:23:31</date>
  <millis>1585572811933</millis>
  <sequence>598</sequence>
  <level>PASSED</level>
  <class>com.kms.katalon.core.logging.XmlKeywordLogger</class>
  <method>logMessage</method>
  <thread>1</thread>
  <message>Object: &amp;apos;Object Repository/Page_Restaurant Intranet/Left_Nav_Bar/link_Setup&amp;apos; is clicked on</message>
  <nestedLevel>2</nestedLevel>
</record>
<record>
  <date>2020-03-30T18:23:32</date>
  <millis>1585572812539</millis>
  <sequence>606</sequence>
  <level>PASSED</level>
  <class>com.kms.katalon.core.logging.XmlKeywordLogger</class>
  <method>logMessage</method>
  <thread>1</thread>
  <message>Object &amp;apos;Object Repository/Page_Restaurant Intranet/Left_Nav_Bar/div_ReportBuilderLink&amp;apos; is clickable</message>
  <nestedLevel>2</nestedLevel>
</record>
<record>
  <date>2020-03-30T18:23:32</date>
  <millis>1585572812682</millis>
  <sequence>616</sequence>
  <level>PASSED</level>
  <class>com.kms.katalon.core.logging.XmlKeywordLogger</class>
  <method>logMessage</method>
  <thread>1</thread>
  <message>Object: &amp;apos;Object Repository/Page_Restaurant Intranet/Left_Nav_Bar/div_ReportBuilderLink&amp;apos; is clicked on</message>
  <nestedLevel>2</nestedLevel>
</record>
<record>
  <date>2020-03-30T18:23:53</date>
  <millis>1585572833386</millis>
  <sequence>623</sequence>
  <level>INFO</level>
  <class>com.kms.katalon.core.logging.XmlKeywordLogger</class>
  <method>logMessage</method>
  <thread>1</thread>
  <message>Unable to find the element located by &amp;apos;By.xpath: //input[@placeholder=&amp;apos;Search Your Reports&amp;apos;]&amp;apos;. Please recheck the objects properties to make sure the desired element is located. </message>
  <nestedLevel>2</nestedLevel>
</record>
<record>
  <date>2020-03-30T18:23:53</date>
  <millis>1585572833413</millis>
  <sequence>625</sequence>
  <level>WARNING</level>
  <class>com.kms.katalon.core.logging.XmlKeywordLogger</class>
  <method>logMessage</method>
  <thread>1</thread>
  <message>Web element with id: &amp;apos;Object Repository/ReportSetupScreen/input_SearchReportFilter&amp;apos; located by &amp;apos;By.xpath: //input[@placeholder=&amp;apos;Search Your Reports&amp;apos;]&amp;apos; not found</message>
  <nestedLevel>2</nestedLevel>
  <property name="failed.exception.class">com.kms.katalon.core.webui.exception.WebElementNotFoundException</property>
  <property name="failed.exception.stacktrace">com.kms.katalon.core.webui.exception.WebElementNotFoundException: Web element with id: &apos;Object Repository/ReportSetupScreen/input_SearchReportFilter&apos; located by &apos;By.xpath: //input[@placeholder=&apos;Search Your Reports&apos;]&apos; not found\r\n\tat com.kms.katalon.core.webui.common.WebUiCommonHelper.findWebElement(WebUiCommonHelper.java:1154)\r\n\tat com.kms.katalon.core.webui.keyword.internal.WebUIAbstractKeyword.findWebElement(WebUIAbstractKeyword.groovy:27)\r\n\tat com.kms.katalon.core.webui.keyword.internal.WebUIAbstractKeyword$findWebElement.call(Unknown Source)\r\n\tat com.kms.katalon.core.webui.keyword.builtin.WaitForElementClickableKeyword$_waitForElementClickable_closure1.doCall(WaitForElementClickableKeyword.groovy:79)\r\n\tat com.kms.katalon.core.webui.keyword.builtin.WaitForElementClickableKeyword$_waitForElementClickable_closure1.doCall(WaitForElementClickableKeyword.groovy)\r\n\tat com.kms.katalon.core.webui.keyword.internal.WebUIKeywordMain.runKeyword(WebUIKeywordMain.groovy:20)\r\n\tat com.kms.katalon.core.webui.keyword.internal.WebUIKeywordMain$runKeyword.call(Unknown Source)\r\n\tat com.kms.katalon.core.webui.keyword.builtin.WaitForElementClickableKeyword.waitForElementClickable(WaitForElementClickableKeyword.groovy:107)\r\n\tat com.kms.katalon.core.webui.keyword.builtin.WaitForElementClickableKeyword.execute(WaitForElementClickableKeyword.groovy:68)\r\n\tat com.kms.katalon.core.keyword.internal.KeywordExecutor.executeKeywordForPlatform(KeywordExecutor.groovy:72)\r\n\tat com.kms.katalon.core.webui.keyword.WebUiBuiltInKeywords.waitForElementClickable(WebUiBuiltInKeywords.groovy:500)\r\n\tat com.kms.katalon.core.webui.keyword.WebUiBuiltInKeywords$waitForElementClickable$12.call(Unknown Source)\r\n\tat cleanUp Reports.run(cleanUp Reports:34)\r\n\tat com.kms.katalon.core.main.ScriptEngine.run(ScriptEngine.java:194)\r\n\tat com.kms.katalon.core.main.ScriptEngine.runScriptAsRawText(ScriptEngine.java:119)\r\n\tat com.kms.katalon.core.main.TestCaseExecutor.runScript(TestCaseExecutor.java:337)\r\n\tat com.kms.katalon.core.main.TestCaseExecutor.doExecute(TestCaseExecutor.java:328)\r\n\tat com.kms.katalon.core.main.TestCaseExecutor.processExecutionPhase(TestCaseExecutor.java:307)\r\n\tat com.kms.katalon.core.main.TestCaseExecutor.accessMainPhase(TestCaseExecutor.java:299)\r\n\tat com.kms.katalon.core.main.TestCaseExecutor.execute(TestCaseExecutor.java:233)\r\n\tat com.kms.katalon.core.main.TestCaseMain.runTestCase(TestCaseMain.java:114)\r\n\tat com.kms.katalon.core.keyword.builtin.CallTestCaseKeyword$_callTestCase_closure1.doCall(CallTestCaseKeyword.groovy:59)\r\n\tat com.kms.katalon.core.keyword.builtin.CallTestCaseKeyword$_callTestCase_closure1.call(CallTestCaseKeyword.groovy)\r\n\tat com.kms.katalon.core.keyword.internal.KeywordMain.runKeyword(KeywordMain.groovy:68)\r\n\tat com.kms.katalon.core.keyword.builtin.CallTestCaseKeyword.callTestCase(CallTestCaseKeyword.groovy:81)\r\n\tat com.kms.katalon.core.keyword.builtin.CallTestCaseKeyword.execute(CallTestCaseKeyword.groovy:44)\r\n\tat com.kms.katalon.core.keyword.internal.KeywordExecutor.executeKeywordForPlatform(KeywordExecutor.groovy:72)\r\n\tat com.kms.katalon.core.keyword.BuiltinKeywords.callTestCase(BuiltinKeywords.groovy:334)\r\n\tat TC79_Create Weekly Report with valid details and compare report values with calender for specific time period.run(TC79_Create Weekly Report with valid details and compare report values with calender for specific time period:84)\r\n\tat com.kms.katalon.core.main.ScriptEngine.run(ScriptEngine.java:194)\r\n\tat com.kms.katalon.core.main.ScriptEngine.runScriptAsRawText(ScriptEngine.java:119)\r\n\tat com.kms.katalon.core.main.TestCaseExecutor.runScript(TestCaseExecutor.java:337)\r\n\tat com.kms.katalon.core.main.TestCaseExecutor.doExecute(TestCaseExecutor.java:328)\r\n\tat com.kms.katalon.core.main.TestCaseExecutor.processExecutionPhase(TestCaseExecutor.java:307)\r\n\tat com.kms.katalon.core.main.TestCaseExecutor.accessMainPhase(TestCaseExecutor.java:299)\r\n\tat com.kms.katalon.core.main.TestCaseExecutor.execute(TestCaseExecutor.java:233)\r\n\tat com.kms.katalon.core.main.TestSuiteExecutor.accessTestCaseMainPhase(TestSuiteExecutor.java:169)\r\n\tat com.kms.katalon.core.main.TestSuiteExecutor.accessTestSuiteMainPhase(TestSuiteExecutor.java:142)\r\n\tat com.kms.katalon.core.main.TestSuiteExecutor.execute(TestSuiteExecutor.java:91)\r\n\tat com.kms.katalon.core.main.TestCaseMain.startTestSuite(TestCaseMain.java:157)\r\n\tat com.kms.katalon.core.main.TestCaseMain$startTestSuite$0.call(Unknown Source)\r\n\tat TempTestSuite1585572753882.run(TempTestSuite1585572753882.groovy:36)\r\n</property>
  <property name="failed.exception.message">Web element with id: &apos;Object Repository/ReportSetupScreen/input_SearchReportFilter&apos; located by &apos;By.xpath: //input[@placeholder=&apos;Search Your Reports&apos;]&apos; not found</property>
</record>
