<?xml version="1.0" encoding="UTF-8" standalone="no"?>
<!DOCTYPE log SYSTEM "logger.dtd">
<log>
<record>
  <date>2020-03-30T18:18:59</date>
  <millis>1585572539505</millis>
  <sequence>0</sequence>
  <level>START</level>
  <class>com.kms.katalon.core.logging.XmlKeywordLogger</class>
  <method>startSuite</method>
  <thread>1</thread>
  <message>Start Test Suite : Test Suites/Weekly Report End to End Suit</message>
  <nestedLevel>0</nestedLevel>
  <property name="name">Weekly Report End to End Suit</property>
  <property name="description"></property>
  <property name="id">Test Suites/Weekly Report End to End Suit</property>
</record>
<record>
  <date>2020-03-30T18:18:59</date>
  <millis>1585572539526</millis>
  <sequence>1</sequence>
  <level>RUN_DATA</level>
  <class>com.kms.katalon.core.logging.XmlKeywordLogger</class>
  <method>logMessage</method>
  <thread>1</thread>
  <message>hostName = bksangani - aixahm-ts6.analytix.local</message>
  <nestedLevel>0</nestedLevel>
  <property name="hostName">bksangani - aixahm-ts6.analytix.local</property>
</record>
<record>
  <date>2020-03-30T18:18:59</date>
  <millis>1585572539527</millis>
  <sequence>2</sequence>
  <level>RUN_DATA</level>
  <class>com.kms.katalon.core.logging.XmlKeywordLogger</class>
  <method>logMessage</method>
  <thread>1</thread>
  <message>os = Windows Server 2016 64bit</message>
  <nestedLevel>0</nestedLevel>
  <property name="os">Windows Server 2016 64bit</property>
</record>
<record>
  <date>2020-03-30T18:18:59</date>
  <millis>1585572539528</millis>
  <sequence>3</sequence>
  <level>RUN_DATA</level>
  <class>com.kms.katalon.core.logging.XmlKeywordLogger</class>
  <method>logMessage</method>
  <thread>1</thread>
  <message>hostAddress = 192.168.16.190</message>
  <nestedLevel>0</nestedLevel>
  <property name="hostAddress">192.168.16.190</property>
</record>
<record>
  <date>2020-03-30T18:18:59</date>
  <millis>1585572539530</millis>
  <sequence>4</sequence>
  <level>RUN_DATA</level>
  <class>com.kms.katalon.core.logging.XmlKeywordLogger</class>
  <method>logMessage</method>
  <thread>1</thread>
  <message>katalonVersion = 7.2.1.1</message>
  <nestedLevel>0</nestedLevel>
  <property name="katalonVersion">7.2.1.1</property>
</record>
<record>
  <date>2020-03-30T18:18:59</date>
  <millis>1585572539539</millis>
  <sequence>5</sequence>
  <level>START</level>
  <class>com.kms.katalon.core.logging.XmlKeywordLogger</class>
  <method>startKeyword</method>
  <thread>1</thread>
  <message>Start listener action : beforeTestSuit</message>
  <nestedLevel>0</nestedLevel>
</record>
<record>
  <date>2020-03-30T18:18:59</date>
  <millis>1585572539958</millis>
  <sequence>8</sequence>
  <level>INFO</level>
  <class>com.kms.katalon.core.logging.XmlKeywordLogger</class>
  <method>logMessage</method>
  <thread>1</thread>
  <message>Starting &amp;apos;Chrome&amp;apos; driver</message>
  <nestedLevel>0</nestedLevel>
</record>
<record>
  <date>2020-03-30T18:19:00</date>
  <millis>1585572540002</millis>
  <sequence>10</sequence>
  <level>INFO</level>
  <class>com.kms.katalon.core.logging.XmlKeywordLogger</class>
  <method>logMessage</method>
  <thread>1</thread>
  <message>Action delay is set to 0 seconds</message>
  <nestedLevel>0</nestedLevel>
</record>
<record>
  <date>2020-03-30T18:19:04</date>
  <millis>1585572544632</millis>
  <sequence>12</sequence>
  <level>RUN_DATA</level>
  <class>com.kms.katalon.core.logging.XmlKeywordLogger</class>
  <method>logMessage</method>
  <thread>1</thread>
  <message>sessionId = c54ed1fd0925d1449c58cc7fe32efad5</message>
  <nestedLevel>0</nestedLevel>
  <property name="sessionId">c54ed1fd0925d1449c58cc7fe32efad5</property>
</record>
<record>
  <date>2020-03-30T18:19:04</date>
  <millis>1585572544655</millis>
  <sequence>13</sequence>
  <level>RUN_DATA</level>
  <class>com.kms.katalon.core.logging.XmlKeywordLogger</class>
  <method>logMessage</method>
  <thread>1</thread>
  <message>browser = Chrome 80.0.3987.149</message>
  <nestedLevel>0</nestedLevel>
  <property name="browser">Chrome 80.0.3987.149</property>
</record>
<record>
  <date>2020-03-30T18:19:04</date>
  <millis>1585572544656</millis>
  <sequence>14</sequence>
  <level>RUN_DATA</level>
  <class>com.kms.katalon.core.logging.XmlKeywordLogger</class>
  <method>logMessage</method>
  <thread>1</thread>
  <message>platform = Windows Server 2016</message>
  <nestedLevel>0</nestedLevel>
  <property name="platform">Windows Server 2016</property>
</record>
<record>
  <date>2020-03-30T18:19:04</date>
  <millis>1585572544657</millis>
  <sequence>15</sequence>
  <level>RUN_DATA</level>
  <class>com.kms.katalon.core.logging.XmlKeywordLogger</class>
  <method>logMessage</method>
  <thread>1</thread>
  <message>seleniumVersion = 3.141.59</message>
  <nestedLevel>0</nestedLevel>
  <property name="seleniumVersion">3.141.59</property>
</record>
<record>
  <date>2020-03-30T18:19:04</date>
  <millis>1585572544659</millis>
  <sequence>16</sequence>
  <level>RUN_DATA</level>
  <class>com.kms.katalon.core.logging.XmlKeywordLogger</class>
  <method>logMessage</method>
  <thread>1</thread>
  <message>proxyInformation = ProxyInformation{proxyOption=USE_SYSTEM, proxyServerType=HTTP, password=, proxyServerAddress=, proxyServerPort=0, executionList=}</message>
  <nestedLevel>0</nestedLevel>
  <property name="proxyInformation">ProxyInformation{proxyOption=USE_SYSTEM, proxyServerType=HTTP, password=, proxyServerAddress=, proxyServerPort=0, executionList=}</property>
</record>
<record>
  <date>2020-03-30T18:19:04</date>
  <millis>1585572544675</millis>
  <sequence>17</sequence>
  <level>PASSED</level>
  <class>com.kms.katalon.core.logging.XmlKeywordLogger</class>
  <method>logMessage</method>
  <thread>1</thread>
  <message>Browser is opened with url: &amp;apos;&amp;apos;</message>
  <nestedLevel>0</nestedLevel>
</record>
<record>
  <date>2020-03-30T18:19:05</date>
  <millis>1585572545850</millis>
  <sequence>19</sequence>
  <level>PASSED</level>
  <class>com.kms.katalon.core.logging.XmlKeywordLogger</class>
  <method>logMessage</method>
  <thread>1</thread>
  <message>Current window maximized</message>
  <nestedLevel>0</nestedLevel>
</record>
<record>
  <date>2020-03-30T18:19:05</date>
  <millis>1585572545880</millis>
  <sequence>20</sequence>
  <level>PASSED</level>
  <class>com.kms.katalon.core.logging.XmlKeywordLogger</class>
  <method>logMessage</method>
  <thread>1</thread>
  <message>Delete all cookies successfully</message>
  <nestedLevel>0</nestedLevel>
</record>
<record>
  <date>2020-03-30T18:19:18</date>
  <millis>1585572558037</millis>
  <sequence>23</sequence>
  <level>PASSED</level>
  <class>com.kms.katalon.core.logging.XmlKeywordLogger</class>
  <method>logMessage</method>
  <thread>1</thread>
  <message>Navigate to &amp;apos;http://devdunkin.sunbeltsol.com/&amp;apos; successfully</message>
  <nestedLevel>0</nestedLevel>
</record>
<record>
  <date>2020-03-30T18:19:18</date>
  <millis>1585572558037</millis>
  <sequence>25</sequence>
  <level>END</level>
  <class>com.kms.katalon.core.logging.XmlKeywordLogger</class>
  <method>endKeyword</method>
  <thread>1</thread>
  <message>End listener action : beforeTestSuit</message>
  <nestedLevel>0</nestedLevel>
</record>
<record>
  <date>2020-03-30T18:19:18</date>
  <millis>1585572558204</millis>
  <sequence>26</sequence>
  <level>START</level>
  <class>com.kms.katalon.core.logging.XmlKeywordLogger</class>
  <method>startTest</method>
  <thread>1</thread>
  <message>Start Test Case : Test Cases/CrossLocationReportBuilder_TestCases/TC79_Create Weekly Report with valid details and compare report values with calender for specific time period</message>
  <nestedLevel>1</nestedLevel>
  <property name="name">Test Cases/CrossLocationReportBuilder_TestCases/TC79_Create Weekly Report with valid details and compare report values with calender for specific time period</property>
  <property name="description"></property>
  <property name="id">Test Cases/CrossLocationReportBuilder_TestCases/TC79_Create Weekly Report with valid details and compare report values with calender for specific time period</property>
  <property name="source">D:\\Users\\bksangani\\Katalon Studio\\ReportBuilderV1\\Test Cases\\CrossLocationReportBuilder_TestCases\\TC79_Create Weekly Report with valid details and compare report values with calender for specific time period.tc</property>
  <property name="tag"></property>
  <property name="isOptional">false</property>
</record>
<record>
  <date>2020-03-30T18:19:18</date>
  <millis>1585572558582</millis>
  <sequence>30</sequence>
  <level>START</level>
  <class>com.kms.katalon.core.logging.XmlKeywordLogger</class>
  <method>startTest</method>
  <thread>1</thread>
  <message>Start Test Case : Test Cases/CrossLocationReportBuilder_TestCases/TC1_Verify successfull login</message>
  <nestedLevel>2</nestedLevel>
  <property name="name">Test Cases/CrossLocationReportBuilder_TestCases/TC1_Verify successfull login</property>
  <property name="description"></property>
  <property name="id">Test Cases/CrossLocationReportBuilder_TestCases/TC1_Verify successfull login</property>
  <property name="source">D:\\Users\\bksangani\\Katalon Studio\\ReportBuilderV1\\Test Cases\\CrossLocationReportBuilder_TestCases\\TC1_Verify successfull login.tc</property>
  <property name="tag"></property>
  <property name="isOptional">false</property>
</record>
<record>
  <date>2020-03-30T18:19:18</date>
  <millis>1585572558880</millis>
  <sequence>34</sequence>
  <level>START</level>
  <class>com.kms.katalon.core.logging.XmlKeywordLogger</class>
  <method>startTest</method>
  <thread>1</thread>
  <message>Start Test Case : Test Cases/ReportBuilder_Pages/LoginPage/Login with encrypted username and password</message>
  <nestedLevel>3</nestedLevel>
  <property name="name">Test Cases/ReportBuilder_Pages/LoginPage/Login with encrypted username and password</property>
  <property name="description"></property>
  <property name="id">Test Cases/ReportBuilder_Pages/LoginPage/Login with encrypted username and password</property>
  <property name="source">D:\\Users\\bksangani\\Katalon Studio\\ReportBuilderV1\\Test Cases\\ReportBuilder_Pages\\LoginPage\\Login with encrypted username and password.tc</property>
  <property name="tag"></property>
  <property name="isOptional">false</property>
</record>
<record>
  <date>2020-03-30T18:19:19</date>
  <millis>1585572559490</millis>
  <sequence>45</sequence>
  <level>PASSED</level>
  <class>com.kms.katalon.core.logging.XmlKeywordLogger</class>
  <method>logMessage</method>
  <thread>1</thread>
  <message>Text &amp;apos;Cafua_Dev@analytix.com&amp;apos; is set on object &amp;apos;Object Repository/Page_Dunkin Donuts - Executive Dashboard/input_Login_textBoxEmailAddress&amp;apos;</message>
  <nestedLevel>3</nestedLevel>
</record>
<record>
  <date>2020-03-30T18:19:19</date>
  <millis>1585572559744</millis>
  <sequence>55</sequence>
  <level>PASSED</level>
  <class>com.kms.katalon.core.logging.XmlKeywordLogger</class>
  <method>logMessage</method>
  <thread>1</thread>
  <message>Text &amp;apos;!9TgLT8dK3&amp;apos; is set on object &amp;apos;Object Repository/Page_Dunkin Donuts - Executive Dashboard/input_Login_textBoxPassword&amp;apos;</message>
  <nestedLevel>3</nestedLevel>
</record>
<record>
  <date>2020-03-30T18:19:19</date>
  <millis>1585572559914</millis>
  <sequence>65</sequence>
  <level>PASSED</level>
  <class>com.kms.katalon.core.logging.XmlKeywordLogger</class>
  <method>logMessage</method>
  <thread>1</thread>
  <message>Object: &amp;apos;Object Repository/Page_Dunkin Donuts - Executive Dashboard/input_Login_buttonLogin&amp;apos; is clicked on</message>
  <nestedLevel>3</nestedLevel>
</record>
<record>
  <date>2020-03-30T18:19:19</date>
  <millis>1585572559915</millis>
  <sequence>66</sequence>
  <level>NOT_RUN</level>
  <class>com.kms.katalon.core.logging.XmlKeywordLogger</class>
  <method>logMessage</method>
  <thread>1</thread>
  <message>NOT_RUN: waitForElementClickable(findTestObject(\&amp;quot;Page_Restaurant Intranet/link_ProfileIcon\&amp;quot;), ExplicitWait)</message>
  <nestedLevel>3</nestedLevel>
</record>
<record>
  <date>2020-03-30T18:19:19</date>
  <millis>1585572559916</millis>
  <sequence>67</sequence>
  <level>NOT_RUN</level>
  <class>com.kms.katalon.core.logging.XmlKeywordLogger</class>
  <method>logMessage</method>
  <thread>1</thread>
  <message>NOT_RUN: verifyElementVisible(findTestObject(\&amp;quot;Page_Restaurant Intranet/link_ProfileIcon\&amp;quot;))</message>
  <nestedLevel>3</nestedLevel>
</record>
<record>
  <date>2020-03-30T18:19:19</date>
  <millis>1585572559917</millis>
  <sequence>68</sequence>
  <level>PASSED</level>
  <class>com.kms.katalon.core.logging.XmlKeywordLogger</class>
  <method>logMessage</method>
  <thread>1</thread>
  <message>Test Cases/ReportBuilder_Pages/LoginPage/Login with encrypted username and password</message>
  <nestedLevel>3</nestedLevel>
</record>
<record>
  <date>2020-03-30T18:19:19</date>
  <millis>1585572559917</millis>
  <sequence>69</sequence>
  <level>END</level>
  <class>com.kms.katalon.core.logging.XmlKeywordLogger</class>
  <method>endTest</method>
  <thread>1</thread>
  <message>End Test Case : Test Cases/ReportBuilder_Pages/LoginPage/Login with encrypted username and password</message>
  <nestedLevel>2</nestedLevel>
</record>
<record>
  <date>2020-03-30T18:19:19</date>
  <millis>1585572559923</millis>
  <sequence>70</sequence>
  <level>PASSED</level>
  <class>com.kms.katalon.core.logging.XmlKeywordLogger</class>
  <method>logMessage</method>
  <thread>1</thread>
  <message>Call Test Case &amp;apos;Test Cases/ReportBuilder_Pages/LoginPage/Login with encrypted username and password&amp;apos; successfully</message>
  <nestedLevel>2</nestedLevel>
</record>
<record>
  <date>2020-03-30T18:19:19</date>
  <millis>1585572559923</millis>
  <sequence>71</sequence>
  <level>PASSED</level>
  <class>com.kms.katalon.core.logging.XmlKeywordLogger</class>
  <method>logMessage</method>
  <thread>1</thread>
  <message>Test Cases/CrossLocationReportBuilder_TestCases/TC1_Verify successfull login</message>
  <nestedLevel>2</nestedLevel>
</record>
<record>
  <date>2020-03-30T18:19:19</date>
  <millis>1585572559924</millis>
  <sequence>72</sequence>
  <level>END</level>
  <class>com.kms.katalon.core.logging.XmlKeywordLogger</class>
  <method>endTest</method>
  <thread>1</thread>
  <message>End Test Case : Test Cases/CrossLocationReportBuilder_TestCases/TC1_Verify successfull login</message>
  <nestedLevel>1</nestedLevel>
</record>
<record>
  <date>2020-03-30T18:19:19</date>
  <millis>1585572559924</millis>
  <sequence>73</sequence>
  <level>PASSED</level>
  <class>com.kms.katalon.core.logging.XmlKeywordLogger</class>
  <method>logMessage</method>
  <thread>1</thread>
  <message>Call Test Case &amp;apos;Test Cases/CrossLocationReportBuilder_TestCases/TC1_Verify successfull login&amp;apos; successfully</message>
  <nestedLevel>1</nestedLevel>
</record>
<record>
  <date>2020-03-30T18:19:19</date>
  <millis>1585572559925</millis>
  <sequence>74</sequence>
  <level>NOT_RUN</level>
  <class>com.kms.katalon.core.logging.XmlKeywordLogger</class>
  <method>logMessage</method>
  <thread>1</thread>
  <message>NOT_RUN: callTestCase(findTestCase(\&amp;quot;CrossLocationReportBuilder_TestCases/TC3_Verify Report Builder Link functionality\&amp;quot;), [:], CONTINUE_ON_FAILURE)</message>
  <nestedLevel>1</nestedLevel>
</record>
<record>
  <date>2020-03-30T18:19:19</date>
  <millis>1585572559926</millis>
  <sequence>75</sequence>
  <level>NOT_RUN</level>
  <class>com.kms.katalon.core.logging.XmlKeywordLogger</class>
  <method>logMessage</method>
  <thread>1</thread>
  <message>NOT_RUN: callTestCase(findTestCase(\&amp;quot;ReportBuilder_Pages/ReportSetup_Page/Verify Add Report button and Click\&amp;quot;), [:], CONTINUE_ON_FAILURE)</message>
  <nestedLevel>1</nestedLevel>
</record>
<record>
  <date>2020-03-30T18:19:19</date>
  <millis>1585572559926</millis>
  <sequence>76</sequence>
  <level>NOT_RUN</level>
  <class>com.kms.katalon.core.logging.XmlKeywordLogger</class>
  <method>logMessage</method>
  <thread>1</thread>
  <message>NOT_RUN: callTestCase(findTestCase(\&amp;quot;ReportBuilder_Pages/CrossLocationReportBuilderSetup_Page/Give Report Name\&amp;quot;), [\&amp;quot;ReportName\&amp;quot;:ReportName], CONTINUE_ON_FAILURE)</message>
  <nestedLevel>1</nestedLevel>
</record>
<record>
  <date>2020-03-30T18:19:19</date>
  <millis>1585572559927</millis>
  <sequence>77</sequence>
  <level>NOT_RUN</level>
  <class>com.kms.katalon.core.logging.XmlKeywordLogger</class>
  <method>logMessage</method>
  <thread>1</thread>
  <message>NOT_RUN: callTestCase(findTestCase(\&amp;quot;ReportBuilder_Pages/CrossLocationReportBuilderSetup_Page/Select Report Category\&amp;quot;), [\&amp;quot;ReportCategory\&amp;quot;:CategoryName], CONTINUE_ON_FAILURE)</message>
  <nestedLevel>1</nestedLevel>
</record>
<record>
  <date>2020-03-30T18:19:19</date>
  <millis>1585572559929</millis>
  <sequence>78</sequence>
  <level>NOT_RUN</level>
  <class>com.kms.katalon.core.logging.XmlKeywordLogger</class>
  <method>logMessage</method>
  <thread>1</thread>
  <message>NOT_RUN: callTestCase(findTestCase(\&amp;quot;ReportBuilder_Pages/CrossLocationReportBuilderSetup_Page/Data Grain with Present Data By/Select Data Grain And Present Data By options for Report\&amp;quot;), [:], CONTINUE_ON_FAILURE)</message>
  <nestedLevel>1</nestedLevel>
</record>
<record>
  <date>2020-03-30T18:19:19</date>
  <millis>1585572559929</millis>
  <sequence>79</sequence>
  <level>NOT_RUN</level>
  <class>com.kms.katalon.core.logging.XmlKeywordLogger</class>
  <method>logMessage</method>
  <thread>1</thread>
  <message>NOT_RUN: ColumnListNew = []</message>
  <nestedLevel>1</nestedLevel>
</record>
<record>
  <date>2020-03-30T18:19:19</date>
  <millis>1585572559930</millis>
  <sequence>80</sequence>
  <level>NOT_RUN</level>
  <class>com.kms.katalon.core.logging.XmlKeywordLogger</class>
  <method>logMessage</method>
  <thread>1</thread>
  <message>NOT_RUN: ColumnListNew = reportbuildercustom.RB_Keywords.verifyTotalAddedColumns()</message>
  <nestedLevel>1</nestedLevel>
</record>
<record>
  <date>2020-03-30T18:19:19</date>
  <millis>1585572559931</millis>
  <sequence>81</sequence>
  <level>NOT_RUN</level>
  <class>com.kms.katalon.core.logging.XmlKeywordLogger</class>
  <method>logMessage</method>
  <thread>1</thread>
  <message>NOT_RUN: TotalNoOfColumnsAdded = ColumnListNew.size()</message>
  <nestedLevel>1</nestedLevel>
</record>
<record>
  <date>2020-03-30T18:19:19</date>
  <millis>1585572559931</millis>
  <sequence>82</sequence>
  <level>NOT_RUN</level>
  <class>com.kms.katalon.core.logging.XmlKeywordLogger</class>
  <method>logMessage</method>
  <thread>1</thread>
  <message>NOT_RUN: println(TotalNoOfColumnsAdded)</message>
  <nestedLevel>1</nestedLevel>
</record>
<record>
  <date>2020-03-30T18:19:19</date>
  <millis>1585572559932</millis>
  <sequence>83</sequence>
  <level>NOT_RUN</level>
  <class>com.kms.katalon.core.logging.XmlKeywordLogger</class>
  <method>logMessage</method>
  <thread>1</thread>
  <message>NOT_RUN: callTestCase(findTestCase(\&amp;quot;ReportBuilder_Pages/CrossLocationReportBuilderSetup_Page/Select Grouping By Hierarchy\&amp;quot;), [:], CONTINUE_ON_FAILURE)</message>
  <nestedLevel>1</nestedLevel>
</record>
<record>
  <date>2020-03-30T18:19:19</date>
  <millis>1585572559933</millis>
  <sequence>84</sequence>
  <level>NOT_RUN</level>
  <class>com.kms.katalon.core.logging.XmlKeywordLogger</class>
  <method>logMessage</method>
  <thread>1</thread>
  <message>NOT_RUN: callTestCase(findTestCase(\&amp;quot;ReportBuilder_Pages/CrossLocationReportBuilderSetup_Page/Click on Create Report Button\&amp;quot;), [:], CONTINUE_ON_FAILURE)</message>
  <nestedLevel>1</nestedLevel>
</record>
<record>
  <date>2020-03-30T18:19:19</date>
  <millis>1585572559933</millis>
  <sequence>85</sequence>
  <level>NOT_RUN</level>
  <class>com.kms.katalon.core.logging.XmlKeywordLogger</class>
  <method>logMessage</method>
  <thread>1</thread>
  <message>NOT_RUN: callTestCase(findTestCase(\&amp;quot;ReportBuilder_Pages/CrossLocationReportBuilderSetup_Page/Search and validate created report from list of reports\&amp;quot;), [\&amp;quot;SearchCategory\&amp;quot;:CategoryName, \&amp;quot;SearchReport\&amp;quot;:ReportName], CONTINUE_ON_FAILURE)</message>
  <nestedLevel>1</nestedLevel>
</record>
<record>
  <date>2020-03-30T18:19:19</date>
  <millis>1585572559934</millis>
  <sequence>86</sequence>
  <level>NOT_RUN</level>
  <class>com.kms.katalon.core.logging.XmlKeywordLogger</class>
  <method>logMessage</method>
  <thread>1</thread>
  <message>NOT_RUN: callTestCase(findTestCase(\&amp;quot;ReportBuilder_Pages/Restaurant_Intranet_Dashboard_Page/Click on Dashboard Link\&amp;quot;), [:], CONTINUE_ON_FAILURE)</message>
  <nestedLevel>1</nestedLevel>
</record>
<record>
  <date>2020-03-30T18:19:19</date>
  <millis>1585572559935</millis>
  <sequence>87</sequence>
  <level>NOT_RUN</level>
  <class>com.kms.katalon.core.logging.XmlKeywordLogger</class>
  <method>logMessage</method>
  <thread>1</thread>
  <message>NOT_RUN: callTestCase(findTestCase(\&amp;quot;ReportBuilder_Pages/Restaurant_Intranet_Dashboard_Page/Select PC name\&amp;quot;), [\&amp;quot;PCName\&amp;quot;:PCName], CONTINUE_ON_FAILURE)</message>
  <nestedLevel>1</nestedLevel>
</record>
<record>
  <date>2020-03-30T18:19:19</date>
  <millis>1585572559936</millis>
  <sequence>88</sequence>
  <level>NOT_RUN</level>
  <class>com.kms.katalon.core.logging.XmlKeywordLogger</class>
  <method>logMessage</method>
  <thread>1</thread>
  <message>NOT_RUN: callTestCase(findTestCase(\&amp;quot;ReportBuilder_Pages/Restaurant_Intranet_Dashboard_Page/Click on dashbord calender button and select operational calender\&amp;quot;), [:], CONTINUE_ON_FAILURE)</message>
  <nestedLevel>1</nestedLevel>
</record>
<record>
  <date>2020-03-30T18:19:19</date>
  <millis>1585572559936</millis>
  <sequence>89</sequence>
  <level>NOT_RUN</level>
  <class>com.kms.katalon.core.logging.XmlKeywordLogger</class>
  <method>logMessage</method>
  <thread>1</thread>
  <message>NOT_RUN: valuesFromCalendarDashboard = [:]</message>
  <nestedLevel>1</nestedLevel>
</record>
<record>
  <date>2020-03-30T18:19:19</date>
  <millis>1585572559937</millis>
  <sequence>90</sequence>
  <level>NOT_RUN</level>
  <class>com.kms.katalon.core.logging.XmlKeywordLogger</class>
  <method>logMessage</method>
  <thread>1</thread>
  <message>NOT_RUN: valuesFromCalendarDashboard = callTestCase(findTestCase(\&amp;quot;ReportBuilder_Pages/Restaurant_Intranet_Dashboard_Page/Get all available variable values from calender view for all weeks of one month\&amp;quot;), [:], CONTINUE_ON_FAILURE)</message>
  <nestedLevel>1</nestedLevel>
</record>
<record>
  <date>2020-03-30T18:19:19</date>
  <millis>1585572559996</millis>
  <sequence>93</sequence>
  <level>START</level>
  <class>com.kms.katalon.core.logging.XmlKeywordLogger</class>
  <method>startTest</method>
  <thread>1</thread>
  <message>Start Test Case : Test Cases/CrossLocationReportBuilder_TestCases/TC77_Verify Created Report is displaying same as per the set configuration in report setup</message>
  <nestedLevel>2</nestedLevel>
  <property name="name">Test Cases/CrossLocationReportBuilder_TestCases/TC77_Verify Created Report is displaying same as per the set configuration in report setup</property>
  <property name="description"></property>
  <property name="id">Test Cases/CrossLocationReportBuilder_TestCases/TC77_Verify Created Report is displaying same as per the set configuration in report setup</property>
  <property name="source">D:\\Users\\bksangani\\Katalon Studio\\ReportBuilderV1\\Test Cases\\CrossLocationReportBuilder_TestCases\\TC77_Verify Created Report is displaying same as per the set configuration in report setup.tc</property>
  <property name="tag"></property>
  <property name="isOptional">false</property>
</record>
<record>
  <date>2020-03-30T18:19:20</date>
  <millis>1585572560006</millis>
  <sequence>95</sequence>
  <level>INFO</level>
  <class>com.kms.katalon.core.logging.XmlKeywordLogger</class>
  <method>logMessage</method>
  <thread>1</thread>
  <message>ReportName = Weekly Sales</message>
  <nestedLevel>2</nestedLevel>
</record>
<record>
  <date>2020-03-30T18:19:29</date>
  <millis>1585572569901</millis>
  <sequence>97</sequence>
  <level>PASSED</level>
  <class>com.kms.katalon.core.logging.XmlKeywordLogger</class>
  <method>logMessage</method>
  <thread>1</thread>
  <message>Refresh successfully</message>
  <nestedLevel>2</nestedLevel>
</record>
