<?xml version="1.0" encoding="UTF-8" standalone="no"?>
<!DOCTYPE log SYSTEM "logger.dtd">
<log>
<record>
  <date>2020-03-30T18:28:49</date>
  <millis>1585573129845</millis>
  <sequence>0</sequence>
  <level>START</level>
  <class>com.kms.katalon.core.logging.XmlKeywordLogger</class>
  <method>startSuite</method>
  <thread>1</thread>
  <message>Start Test Suite : Test Suites/Weekly Report End to End Suit</message>
  <nestedLevel>0</nestedLevel>
  <property name="name">Weekly Report End to End Suit</property>
  <property name="description"></property>
  <property name="id">Test Suites/Weekly Report End to End Suit</property>
</record>
<record>
  <date>2020-03-30T18:28:49</date>
  <millis>1585573129870</millis>
  <sequence>1</sequence>
  <level>RUN_DATA</level>
  <class>com.kms.katalon.core.logging.XmlKeywordLogger</class>
  <method>logMessage</method>
  <thread>1</thread>
  <message>hostName = bksangani - aixahm-ts6.analytix.local</message>
  <nestedLevel>0</nestedLevel>
  <property name="hostName">bksangani - aixahm-ts6.analytix.local</property>
</record>
<record>
  <date>2020-03-30T18:28:49</date>
  <millis>1585573129871</millis>
  <sequence>2</sequence>
  <level>RUN_DATA</level>
  <class>com.kms.katalon.core.logging.XmlKeywordLogger</class>
  <method>logMessage</method>
  <thread>1</thread>
  <message>os = Windows Server 2016 64bit</message>
  <nestedLevel>0</nestedLevel>
  <property name="os">Windows Server 2016 64bit</property>
</record>
<record>
  <date>2020-03-30T18:28:49</date>
  <millis>1585573129872</millis>
  <sequence>3</sequence>
  <level>RUN_DATA</level>
  <class>com.kms.katalon.core.logging.XmlKeywordLogger</class>
  <method>logMessage</method>
  <thread>1</thread>
  <message>hostAddress = 192.168.16.190</message>
  <nestedLevel>0</nestedLevel>
  <property name="hostAddress">192.168.16.190</property>
</record>
<record>
  <date>2020-03-30T18:28:49</date>
  <millis>1585573129873</millis>
  <sequence>4</sequence>
  <level>RUN_DATA</level>
  <class>com.kms.katalon.core.logging.XmlKeywordLogger</class>
  <method>logMessage</method>
  <thread>1</thread>
  <message>katalonVersion = 7.2.1.1</message>
  <nestedLevel>0</nestedLevel>
  <property name="katalonVersion">7.2.1.1</property>
</record>
<record>
  <date>2020-03-30T18:28:49</date>
  <millis>1585573129883</millis>
  <sequence>5</sequence>
  <level>START</level>
  <class>com.kms.katalon.core.logging.XmlKeywordLogger</class>
  <method>startKeyword</method>
  <thread>1</thread>
  <message>Start listener action : beforeTestSuit</message>
  <nestedLevel>0</nestedLevel>
</record>
<record>
  <date>2020-03-30T18:28:50</date>
  <millis>1585573130248</millis>
  <sequence>8</sequence>
  <level>INFO</level>
  <class>com.kms.katalon.core.logging.XmlKeywordLogger</class>
  <method>logMessage</method>
  <thread>1</thread>
  <message>Starting &amp;apos;Chrome&amp;apos; driver</message>
  <nestedLevel>0</nestedLevel>
</record>
<record>
  <date>2020-03-30T18:28:50</date>
  <millis>1585573130294</millis>
  <sequence>10</sequence>
  <level>INFO</level>
  <class>com.kms.katalon.core.logging.XmlKeywordLogger</class>
  <method>logMessage</method>
  <thread>1</thread>
  <message>Action delay is set to 0 seconds</message>
  <nestedLevel>0</nestedLevel>
</record>
<record>
  <date>2020-03-30T18:28:53</date>
  <millis>1585573133896</millis>
  <sequence>12</sequence>
  <level>RUN_DATA</level>
  <class>com.kms.katalon.core.logging.XmlKeywordLogger</class>
  <method>logMessage</method>
  <thread>1</thread>
  <message>sessionId = f4a9cb5ba34d69c2223c28d8fac158ee</message>
  <nestedLevel>0</nestedLevel>
  <property name="sessionId">f4a9cb5ba34d69c2223c28d8fac158ee</property>
</record>
<record>
  <date>2020-03-30T18:28:53</date>
  <millis>1585573133927</millis>
  <sequence>13</sequence>
  <level>RUN_DATA</level>
  <class>com.kms.katalon.core.logging.XmlKeywordLogger</class>
  <method>logMessage</method>
  <thread>1</thread>
  <message>browser = Chrome 80.0.3987.149</message>
  <nestedLevel>0</nestedLevel>
  <property name="browser">Chrome 80.0.3987.149</property>
</record>
<record>
  <date>2020-03-30T18:28:53</date>
  <millis>1585573133928</millis>
  <sequence>14</sequence>
  <level>RUN_DATA</level>
  <class>com.kms.katalon.core.logging.XmlKeywordLogger</class>
  <method>logMessage</method>
  <thread>1</thread>
  <message>platform = Windows Server 2016</message>
  <nestedLevel>0</nestedLevel>
  <property name="platform">Windows Server 2016</property>
</record>
<record>
  <date>2020-03-30T18:28:53</date>
  <millis>1585573133929</millis>
  <sequence>15</sequence>
  <level>RUN_DATA</level>
  <class>com.kms.katalon.core.logging.XmlKeywordLogger</class>
  <method>logMessage</method>
  <thread>1</thread>
  <message>seleniumVersion = 3.141.59</message>
  <nestedLevel>0</nestedLevel>
  <property name="seleniumVersion">3.141.59</property>
</record>
<record>
  <date>2020-03-30T18:28:53</date>
  <millis>1585573133930</millis>
  <sequence>16</sequence>
  <level>RUN_DATA</level>
  <class>com.kms.katalon.core.logging.XmlKeywordLogger</class>
  <method>logMessage</method>
  <thread>1</thread>
  <message>proxyInformation = ProxyInformation{proxyOption=USE_SYSTEM, proxyServerType=HTTP, password=, proxyServerAddress=, proxyServerPort=0, executionList=}</message>
  <nestedLevel>0</nestedLevel>
  <property name="proxyInformation">ProxyInformation{proxyOption=USE_SYSTEM, proxyServerType=HTTP, password=, proxyServerAddress=, proxyServerPort=0, executionList=}</property>
</record>
<record>
  <date>2020-03-30T18:28:53</date>
  <millis>1585573133943</millis>
  <sequence>17</sequence>
  <level>PASSED</level>
  <class>com.kms.katalon.core.logging.XmlKeywordLogger</class>
  <method>logMessage</method>
  <thread>1</thread>
  <message>Browser is opened with url: &amp;apos;&amp;apos;</message>
  <nestedLevel>0</nestedLevel>
</record>
<record>
  <date>2020-03-30T18:28:55</date>
  <millis>1585573135106</millis>
  <sequence>19</sequence>
  <level>PASSED</level>
  <class>com.kms.katalon.core.logging.XmlKeywordLogger</class>
  <method>logMessage</method>
  <thread>1</thread>
  <message>Current window maximized</message>
  <nestedLevel>0</nestedLevel>
</record>
<record>
  <date>2020-03-30T18:28:55</date>
  <millis>1585573135141</millis>
  <sequence>20</sequence>
  <level>PASSED</level>
  <class>com.kms.katalon.core.logging.XmlKeywordLogger</class>
  <method>logMessage</method>
  <thread>1</thread>
  <message>Delete all cookies successfully</message>
  <nestedLevel>0</nestedLevel>
</record>
<record>
  <date>2020-03-30T18:29:08</date>
  <millis>1585573148570</millis>
  <sequence>23</sequence>
  <level>PASSED</level>
  <class>com.kms.katalon.core.logging.XmlKeywordLogger</class>
  <method>logMessage</method>
  <thread>1</thread>
  <message>Navigate to &amp;apos;http://devdunkin.sunbeltsol.com/&amp;apos; successfully</message>
  <nestedLevel>0</nestedLevel>
</record>
<record>
  <date>2020-03-30T18:29:08</date>
  <millis>1585573148571</millis>
  <sequence>25</sequence>
  <level>END</level>
  <class>com.kms.katalon.core.logging.XmlKeywordLogger</class>
  <method>endKeyword</method>
  <thread>1</thread>
  <message>End listener action : beforeTestSuit</message>
  <nestedLevel>0</nestedLevel>
</record>
<record>
  <date>2020-03-30T18:29:08</date>
  <millis>1585573148752</millis>
  <sequence>26</sequence>
  <level>START</level>
  <class>com.kms.katalon.core.logging.XmlKeywordLogger</class>
  <method>startTest</method>
  <thread>1</thread>
  <message>Start Test Case : Test Cases/CrossLocationReportBuilder_TestCases/TC79_Create Weekly Report with valid details and compare report values with calender for specific time period</message>
  <nestedLevel>1</nestedLevel>
  <property name="name">Test Cases/CrossLocationReportBuilder_TestCases/TC79_Create Weekly Report with valid details and compare report values with calender for specific time period</property>
  <property name="description"></property>
  <property name="id">Test Cases/CrossLocationReportBuilder_TestCases/TC79_Create Weekly Report with valid details and compare report values with calender for specific time period</property>
  <property name="source">D:\\Users\\bksangani\\Katalon Studio\\ReportBuilderV1\\Test Cases\\CrossLocationReportBuilder_TestCases\\TC79_Create Weekly Report with valid details and compare report values with calender for specific time period.tc</property>
  <property name="tag"></property>
  <property name="isOptional">false</property>
</record>
<record>
  <date>2020-03-30T18:29:09</date>
  <millis>1585573149134</millis>
  <sequence>30</sequence>
  <level>START</level>
  <class>com.kms.katalon.core.logging.XmlKeywordLogger</class>
  <method>startTest</method>
  <thread>1</thread>
  <message>Start Test Case : Test Cases/CrossLocationReportBuilder_TestCases/TC1_Verify successfull login</message>
  <nestedLevel>2</nestedLevel>
  <property name="name">Test Cases/CrossLocationReportBuilder_TestCases/TC1_Verify successfull login</property>
  <property name="description"></property>
  <property name="id">Test Cases/CrossLocationReportBuilder_TestCases/TC1_Verify successfull login</property>
  <property name="source">D:\\Users\\bksangani\\Katalon Studio\\ReportBuilderV1\\Test Cases\\CrossLocationReportBuilder_TestCases\\TC1_Verify successfull login.tc</property>
  <property name="tag"></property>
  <property name="isOptional">false</property>
</record>
<record>
  <date>2020-03-30T18:29:09</date>
  <millis>1585573149424</millis>
  <sequence>34</sequence>
  <level>START</level>
  <class>com.kms.katalon.core.logging.XmlKeywordLogger</class>
  <method>startTest</method>
  <thread>1</thread>
  <message>Start Test Case : Test Cases/ReportBuilder_Pages/LoginPage/Login with encrypted username and password</message>
  <nestedLevel>3</nestedLevel>
  <property name="name">Test Cases/ReportBuilder_Pages/LoginPage/Login with encrypted username and password</property>
  <property name="description"></property>
  <property name="id">Test Cases/ReportBuilder_Pages/LoginPage/Login with encrypted username and password</property>
  <property name="source">D:\\Users\\bksangani\\Katalon Studio\\ReportBuilderV1\\Test Cases\\ReportBuilder_Pages\\LoginPage\\Login with encrypted username and password.tc</property>
  <property name="tag"></property>
  <property name="isOptional">false</property>
</record>
<record>
  <date>2020-03-30T18:29:10</date>
  <millis>1585573150038</millis>
  <sequence>45</sequence>
  <level>PASSED</level>
  <class>com.kms.katalon.core.logging.XmlKeywordLogger</class>
  <method>logMessage</method>
  <thread>1</thread>
  <message>Text &amp;apos;Cafua_Dev@analytix.com&amp;apos; is set on object &amp;apos;Object Repository/Page_Dunkin Donuts - Executive Dashboard/input_Login_textBoxEmailAddress&amp;apos;</message>
  <nestedLevel>3</nestedLevel>
</record>
<record>
  <date>2020-03-30T18:29:10</date>
  <millis>1585573150295</millis>
  <sequence>55</sequence>
  <level>PASSED</level>
  <class>com.kms.katalon.core.logging.XmlKeywordLogger</class>
  <method>logMessage</method>
  <thread>1</thread>
  <message>Text &amp;apos;!9TgLT8dK3&amp;apos; is set on object &amp;apos;Object Repository/Page_Dunkin Donuts - Executive Dashboard/input_Login_textBoxPassword&amp;apos;</message>
  <nestedLevel>3</nestedLevel>
</record>
<record>
  <date>2020-03-30T18:29:10</date>
  <millis>1585573150477</millis>
  <sequence>65</sequence>
  <level>PASSED</level>
  <class>com.kms.katalon.core.logging.XmlKeywordLogger</class>
  <method>logMessage</method>
  <thread>1</thread>
  <message>Object: &amp;apos;Object Repository/Page_Dunkin Donuts - Executive Dashboard/input_Login_buttonLogin&amp;apos; is clicked on</message>
  <nestedLevel>3</nestedLevel>
</record>
<record>
  <date>2020-03-30T18:29:10</date>
  <millis>1585573150479</millis>
  <sequence>66</sequence>
  <level>NOT_RUN</level>
  <class>com.kms.katalon.core.logging.XmlKeywordLogger</class>
  <method>logMessage</method>
  <thread>1</thread>
  <message>NOT_RUN: waitForElementClickable(findTestObject(\&amp;quot;Page_Restaurant Intranet/link_ProfileIcon\&amp;quot;), ExplicitWait)</message>
  <nestedLevel>3</nestedLevel>
</record>
<record>
  <date>2020-03-30T18:29:10</date>
  <millis>1585573150480</millis>
  <sequence>67</sequence>
  <level>NOT_RUN</level>
  <class>com.kms.katalon.core.logging.XmlKeywordLogger</class>
  <method>logMessage</method>
  <thread>1</thread>
  <message>NOT_RUN: verifyElementVisible(findTestObject(\&amp;quot;Page_Restaurant Intranet/link_ProfileIcon\&amp;quot;))</message>
  <nestedLevel>3</nestedLevel>
</record>
<record>
  <date>2020-03-30T18:29:10</date>
  <millis>1585573150480</millis>
  <sequence>68</sequence>
  <level>PASSED</level>
  <class>com.kms.katalon.core.logging.XmlKeywordLogger</class>
  <method>logMessage</method>
  <thread>1</thread>
  <message>Test Cases/ReportBuilder_Pages/LoginPage/Login with encrypted username and password</message>
  <nestedLevel>3</nestedLevel>
</record>
<record>
  <date>2020-03-30T18:29:10</date>
  <millis>1585573150481</millis>
  <sequence>69</sequence>
  <level>END</level>
  <class>com.kms.katalon.core.logging.XmlKeywordLogger</class>
  <method>endTest</method>
  <thread>1</thread>
  <message>End Test Case : Test Cases/ReportBuilder_Pages/LoginPage/Login with encrypted username and password</message>
  <nestedLevel>2</nestedLevel>
</record>
<record>
  <date>2020-03-30T18:29:10</date>
  <millis>1585573150486</millis>
  <sequence>70</sequence>
  <level>PASSED</level>
  <class>com.kms.katalon.core.logging.XmlKeywordLogger</class>
  <method>logMessage</method>
  <thread>1</thread>
  <message>Call Test Case &amp;apos;Test Cases/ReportBuilder_Pages/LoginPage/Login with encrypted username and password&amp;apos; successfully</message>
  <nestedLevel>2</nestedLevel>
</record>
<record>
  <date>2020-03-30T18:29:10</date>
  <millis>1585573150487</millis>
  <sequence>71</sequence>
  <level>PASSED</level>
  <class>com.kms.katalon.core.logging.XmlKeywordLogger</class>
  <method>logMessage</method>
  <thread>1</thread>
  <message>Test Cases/CrossLocationReportBuilder_TestCases/TC1_Verify successfull login</message>
  <nestedLevel>2</nestedLevel>
</record>
<record>
  <date>2020-03-30T18:29:10</date>
  <millis>1585573150488</millis>
  <sequence>72</sequence>
  <level>END</level>
  <class>com.kms.katalon.core.logging.XmlKeywordLogger</class>
  <method>endTest</method>
  <thread>1</thread>
  <message>End Test Case : Test Cases/CrossLocationReportBuilder_TestCases/TC1_Verify successfull login</message>
  <nestedLevel>1</nestedLevel>
</record>
<record>
  <date>2020-03-30T18:29:10</date>
  <millis>1585573150488</millis>
  <sequence>73</sequence>
  <level>PASSED</level>
  <class>com.kms.katalon.core.logging.XmlKeywordLogger</class>
  <method>logMessage</method>
  <thread>1</thread>
  <message>Call Test Case &amp;apos;Test Cases/CrossLocationReportBuilder_TestCases/TC1_Verify successfull login&amp;apos; successfully</message>
  <nestedLevel>1</nestedLevel>
</record>
<record>
  <date>2020-03-30T18:29:10</date>
  <millis>1585573150489</millis>
  <sequence>74</sequence>
  <level>NOT_RUN</level>
  <class>com.kms.katalon.core.logging.XmlKeywordLogger</class>
  <method>logMessage</method>
  <thread>1</thread>
  <message>NOT_RUN: callTestCase(findTestCase(\&amp;quot;CrossLocationReportBuilder_TestCases/TC3_Verify Report Builder Link functionality\&amp;quot;), [:], CONTINUE_ON_FAILURE)</message>
  <nestedLevel>1</nestedLevel>
</record>
<record>
  <date>2020-03-30T18:29:10</date>
  <millis>1585573150490</millis>
  <sequence>75</sequence>
  <level>NOT_RUN</level>
  <class>com.kms.katalon.core.logging.XmlKeywordLogger</class>
  <method>logMessage</method>
  <thread>1</thread>
  <message>NOT_RUN: callTestCase(findTestCase(\&amp;quot;ReportBuilder_Pages/ReportSetup_Page/Verify Add Report button and Click\&amp;quot;), [:], CONTINUE_ON_FAILURE)</message>
  <nestedLevel>1</nestedLevel>
</record>
<record>
  <date>2020-03-30T18:29:10</date>
  <millis>1585573150490</millis>
  <sequence>76</sequence>
  <level>NOT_RUN</level>
  <class>com.kms.katalon.core.logging.XmlKeywordLogger</class>
  <method>logMessage</method>
  <thread>1</thread>
  <message>NOT_RUN: callTestCase(findTestCase(\&amp;quot;ReportBuilder_Pages/CrossLocationReportBuilderSetup_Page/Give Report Name\&amp;quot;), [\&amp;quot;ReportName\&amp;quot;:ReportName], CONTINUE_ON_FAILURE)</message>
  <nestedLevel>1</nestedLevel>
</record>
<record>
  <date>2020-03-30T18:29:10</date>
  <millis>1585573150491</millis>
  <sequence>77</sequence>
  <level>NOT_RUN</level>
  <class>com.kms.katalon.core.logging.XmlKeywordLogger</class>
  <method>logMessage</method>
  <thread>1</thread>
  <message>NOT_RUN: callTestCase(findTestCase(\&amp;quot;ReportBuilder_Pages/CrossLocationReportBuilderSetup_Page/Select Report Category\&amp;quot;), [\&amp;quot;ReportCategory\&amp;quot;:CategoryName], CONTINUE_ON_FAILURE)</message>
  <nestedLevel>1</nestedLevel>
</record>
<record>
  <date>2020-03-30T18:29:10</date>
  <millis>1585573150493</millis>
  <sequence>78</sequence>
  <level>NOT_RUN</level>
  <class>com.kms.katalon.core.logging.XmlKeywordLogger</class>
  <method>logMessage</method>
  <thread>1</thread>
  <message>NOT_RUN: callTestCase(findTestCase(\&amp;quot;ReportBuilder_Pages/CrossLocationReportBuilderSetup_Page/Data Grain with Present Data By/Select Data Grain And Present Data By options for Report\&amp;quot;), [:], CONTINUE_ON_FAILURE)</message>
  <nestedLevel>1</nestedLevel>
</record>
<record>
  <date>2020-03-30T18:29:10</date>
  <millis>1585573150494</millis>
  <sequence>79</sequence>
  <level>NOT_RUN</level>
  <class>com.kms.katalon.core.logging.XmlKeywordLogger</class>
  <method>logMessage</method>
  <thread>1</thread>
  <message>NOT_RUN: ColumnListNew = []</message>
  <nestedLevel>1</nestedLevel>
</record>
<record>
  <date>2020-03-30T18:29:10</date>
  <millis>1585573150494</millis>
  <sequence>80</sequence>
  <level>NOT_RUN</level>
  <class>com.kms.katalon.core.logging.XmlKeywordLogger</class>
  <method>logMessage</method>
  <thread>1</thread>
  <message>NOT_RUN: ColumnListNew = reportbuildercustom.RB_Keywords.verifyTotalAddedColumns()</message>
  <nestedLevel>1</nestedLevel>
</record>
<record>
  <date>2020-03-30T18:29:10</date>
  <millis>1585573150495</millis>
  <sequence>81</sequence>
  <level>NOT_RUN</level>
  <class>com.kms.katalon.core.logging.XmlKeywordLogger</class>
  <method>logMessage</method>
  <thread>1</thread>
  <message>NOT_RUN: TotalNoOfColumnsAdded = ColumnListNew.size()</message>
  <nestedLevel>1</nestedLevel>
</record>
<record>
  <date>2020-03-30T18:29:10</date>
  <millis>1585573150496</millis>
  <sequence>82</sequence>
  <level>NOT_RUN</level>
  <class>com.kms.katalon.core.logging.XmlKeywordLogger</class>
  <method>logMessage</method>
  <thread>1</thread>
  <message>NOT_RUN: println(TotalNoOfColumnsAdded)</message>
  <nestedLevel>1</nestedLevel>
</record>
<record>
  <date>2020-03-30T18:29:10</date>
  <millis>1585573150496</millis>
  <sequence>83</sequence>
  <level>NOT_RUN</level>
  <class>com.kms.katalon.core.logging.XmlKeywordLogger</class>
  <method>logMessage</method>
  <thread>1</thread>
  <message>NOT_RUN: callTestCase(findTestCase(\&amp;quot;ReportBuilder_Pages/CrossLocationReportBuilderSetup_Page/Select Grouping By Hierarchy\&amp;quot;), [:], CONTINUE_ON_FAILURE)</message>
  <nestedLevel>1</nestedLevel>
</record>
<record>
  <date>2020-03-30T18:29:10</date>
  <millis>1585573150497</millis>
  <sequence>84</sequence>
  <level>NOT_RUN</level>
  <class>com.kms.katalon.core.logging.XmlKeywordLogger</class>
  <method>logMessage</method>
  <thread>1</thread>
  <message>NOT_RUN: callTestCase(findTestCase(\&amp;quot;ReportBuilder_Pages/CrossLocationReportBuilderSetup_Page/Click on Create Report Button\&amp;quot;), [:], CONTINUE_ON_FAILURE)</message>
  <nestedLevel>1</nestedLevel>
</record>
<record>
  <date>2020-03-30T18:29:10</date>
  <millis>1585573150498</millis>
  <sequence>85</sequence>
  <level>NOT_RUN</level>
  <class>com.kms.katalon.core.logging.XmlKeywordLogger</class>
  <method>logMessage</method>
  <thread>1</thread>
  <message>NOT_RUN: callTestCase(findTestCase(\&amp;quot;ReportBuilder_Pages/CrossLocationReportBuilderSetup_Page/Search and validate created report from list of reports\&amp;quot;), [\&amp;quot;SearchCategory\&amp;quot;:CategoryName, \&amp;quot;SearchReport\&amp;quot;:ReportName], CONTINUE_ON_FAILURE)</message>
  <nestedLevel>1</nestedLevel>
</record>
<record>
  <date>2020-03-30T18:29:10</date>
  <millis>1585573150498</millis>
  <sequence>86</sequence>
  <level>NOT_RUN</level>
  <class>com.kms.katalon.core.logging.XmlKeywordLogger</class>
  <method>logMessage</method>
  <thread>1</thread>
  <message>NOT_RUN: callTestCase(findTestCase(\&amp;quot;ReportBuilder_Pages/Restaurant_Intranet_Dashboard_Page/Click on Dashboard Link\&amp;quot;), [:], CONTINUE_ON_FAILURE)</message>
  <nestedLevel>1</nestedLevel>
</record>
<record>
  <date>2020-03-30T18:29:10</date>
  <millis>1585573150499</millis>
  <sequence>87</sequence>
  <level>NOT_RUN</level>
  <class>com.kms.katalon.core.logging.XmlKeywordLogger</class>
  <method>logMessage</method>
  <thread>1</thread>
  <message>NOT_RUN: callTestCase(findTestCase(\&amp;quot;ReportBuilder_Pages/Restaurant_Intranet_Dashboard_Page/Select PC name\&amp;quot;), [\&amp;quot;PCName\&amp;quot;:PCName], CONTINUE_ON_FAILURE)</message>
  <nestedLevel>1</nestedLevel>
</record>
<record>
  <date>2020-03-30T18:29:10</date>
  <millis>1585573150500</millis>
  <sequence>88</sequence>
  <level>NOT_RUN</level>
  <class>com.kms.katalon.core.logging.XmlKeywordLogger</class>
  <method>logMessage</method>
  <thread>1</thread>
  <message>NOT_RUN: callTestCase(findTestCase(\&amp;quot;ReportBuilder_Pages/Restaurant_Intranet_Dashboard_Page/Click on dashbord calender button and select operational calender\&amp;quot;), [:], CONTINUE_ON_FAILURE)</message>
  <nestedLevel>1</nestedLevel>
</record>
<record>
  <date>2020-03-30T18:29:10</date>
  <millis>1585573150501</millis>
  <sequence>89</sequence>
  <level>NOT_RUN</level>
  <class>com.kms.katalon.core.logging.XmlKeywordLogger</class>
  <method>logMessage</method>
  <thread>1</thread>
  <message>NOT_RUN: valuesFromCalendarDashboard = [:]</message>
  <nestedLevel>1</nestedLevel>
</record>
<record>
  <date>2020-03-30T18:29:10</date>
  <millis>1585573150502</millis>
  <sequence>90</sequence>
  <level>NOT_RUN</level>
  <class>com.kms.katalon.core.logging.XmlKeywordLogger</class>
  <method>logMessage</method>
  <thread>1</thread>
  <message>NOT_RUN: valuesFromCalendarDashboard = callTestCase(findTestCase(\&amp;quot;ReportBuilder_Pages/Restaurant_Intranet_Dashboard_Page/Get all available variable values from calender view for all weeks of one month\&amp;quot;), [:], CONTINUE_ON_FAILURE)</message>
  <nestedLevel>1</nestedLevel>
</record>
<record>
  <date>2020-03-30T18:29:10</date>
  <millis>1585573150561</millis>
  <sequence>93</sequence>
  <level>START</level>
  <class>com.kms.katalon.core.logging.XmlKeywordLogger</class>
  <method>startTest</method>
  <thread>1</thread>
  <message>Start Test Case : Test Cases/CrossLocationReportBuilder_TestCases/TC77_Verify Created Report is displaying same as per the set configuration in report setup</message>
  <nestedLevel>2</nestedLevel>
  <property name="name">Test Cases/CrossLocationReportBuilder_TestCases/TC77_Verify Created Report is displaying same as per the set configuration in report setup</property>
  <property name="description"></property>
  <property name="id">Test Cases/CrossLocationReportBuilder_TestCases/TC77_Verify Created Report is displaying same as per the set configuration in report setup</property>
  <property name="source">D:\\Users\\bksangani\\Katalon Studio\\ReportBuilderV1\\Test Cases\\CrossLocationReportBuilder_TestCases\\TC77_Verify Created Report is displaying same as per the set configuration in report setup.tc</property>
  <property name="tag"></property>
  <property name="isOptional">false</property>
</record>
<record>
  <date>2020-03-30T18:29:10</date>
  <millis>1585573150571</millis>
  <sequence>95</sequence>
  <level>INFO</level>
  <class>com.kms.katalon.core.logging.XmlKeywordLogger</class>
  <method>logMessage</method>
  <thread>1</thread>
  <message>ReportName = Weekly Sales</message>
  <nestedLevel>2</nestedLevel>
</record>
<record>
  <date>2020-03-30T18:29:10</date>
  <millis>1585573150989</millis>
  <sequence>96</sequence>
  <level>NOT_RUN</level>
  <class>com.kms.katalon.core.logging.XmlKeywordLogger</class>
  <method>logMessage</method>
  <thread>1</thread>
  <message>NOT_RUN: refresh()</message>
  <nestedLevel>2</nestedLevel>
</record>
<record>
  <date>2020-03-30T18:29:13</date>
  <millis>1585573153736</millis>
  <sequence>105</sequence>
  <level>PASSED</level>
  <class>com.kms.katalon.core.logging.XmlKeywordLogger</class>
  <method>logMessage</method>
  <thread>1</thread>
  <message>Object: &amp;apos;Object Repository/Page_Restaurant Intranet/Left_Nav_Bar/link_CrossLocationReportIcon&amp;apos; is hovered</message>
  <nestedLevel>2</nestedLevel>
</record>
<record>
  <date>2020-03-30T18:29:19</date>
  <millis>1585573159804</millis>
  <sequence>112</sequence>
  <level>PASSED</level>
  <class>com.kms.katalon.core.logging.XmlKeywordLogger</class>
  <method>logMessage</method>
  <thread>1</thread>
  <message>Object &amp;apos;CreatedColumns&amp;apos; is visible</message>
  <nestedLevel>2</nestedLevel>
</record>
<record>
  <date>2020-03-30T18:29:19</date>
  <millis>1585573159865</millis>
  <sequence>118</sequence>
  <level>PASSED</level>
  <class>com.kms.katalon.core.logging.XmlKeywordLogger</class>
  <method>logMessage</method>
  <thread>1</thread>
  <message>Object &amp;apos;CreatedColumns&amp;apos; is visible</message>
  <nestedLevel>2</nestedLevel>
</record>
<record>
  <date>2020-03-30T18:29:20</date>
  <millis>1585573160047</millis>
  <sequence>127</sequence>
  <level>PASSED</level>
  <class>com.kms.katalon.core.logging.XmlKeywordLogger</class>
  <method>logMessage</method>
  <thread>1</thread>
  <message>Object: &amp;apos;CreatedColumns&amp;apos; is clicked on</message>
  <nestedLevel>2</nestedLevel>
</record>
<record>
  <date>2020-03-30T18:29:20</date>
  <millis>1585573160048</millis>
  <sequence>128</sequence>
  <level>PASSED</level>
  <class>com.kms.katalon.core.logging.XmlKeywordLogger</class>
  <method>logMessage</method>
  <thread>1</thread>
  <message>reportbuildercustom.RB_Keywords.clickOnReportCategory is PASSED</message>
  <nestedLevel>2</nestedLevel>
</record>
<record>
  <date>2020-03-30T18:29:20</date>
  <millis>1585573160104</millis>
  <sequence>135</sequence>
  <level>PASSED</level>
  <class>com.kms.katalon.core.logging.XmlKeywordLogger</class>
  <method>logMessage</method>
  <thread>1</thread>
  <message>Object &amp;apos;CreatedColumns&amp;apos; is visible</message>
  <nestedLevel>2</nestedLevel>
</record>
<record>
  <date>2020-03-30T18:29:20</date>
  <millis>1585573160151</millis>
  <sequence>141</sequence>
  <level>PASSED</level>
  <class>com.kms.katalon.core.logging.XmlKeywordLogger</class>
  <method>logMessage</method>
  <thread>1</thread>
  <message>Object &amp;apos;CreatedColumns&amp;apos; is visible</message>
  <nestedLevel>2</nestedLevel>
</record>
<record>
  <date>2020-03-30T18:29:20</date>
  <millis>1585573160356</millis>
  <sequence>150</sequence>
  <level>PASSED</level>
  <class>com.kms.katalon.core.logging.XmlKeywordLogger</class>
  <method>logMessage</method>
  <thread>1</thread>
  <message>Object: &amp;apos;CreatedColumns&amp;apos; is clicked on</message>
  <nestedLevel>2</nestedLevel>
</record>
<record>
  <date>2020-03-30T18:29:20</date>
  <millis>1585573160357</millis>
  <sequence>151</sequence>
  <level>PASSED</level>
  <class>com.kms.katalon.core.logging.XmlKeywordLogger</class>
  <method>logMessage</method>
  <thread>1</thread>
  <message>reportbuildercustom.RB_Keywords.clickAndVerifyCreatedReport is PASSED</message>
  <nestedLevel>2</nestedLevel>
</record>
<record>
  <date>2020-03-30T18:29:20</date>
  <millis>1585573160462</millis>
  <sequence>159</sequence>
  <level>PASSED</level>
  <class>com.kms.katalon.core.logging.XmlKeywordLogger</class>
  <method>logMessage</method>
  <thread>1</thread>
  <message>Object &amp;apos;Object Repository/ReportBuilderUI/Progress_Bar&amp;apos; is visible</message>
  <nestedLevel>2</nestedLevel>
</record>
<record>
  <date>2020-03-30T18:29:21</date>
  <millis>1585573161411</millis>
  <sequence>167</sequence>
  <level>PASSED</level>
  <class>com.kms.katalon.core.logging.XmlKeywordLogger</class>
  <method>logMessage</method>
  <thread>1</thread>
  <message>Object &amp;apos;Object Repository/ReportBuilderUI/Progress_Bar&amp;apos; is NOT visible</message>
  <nestedLevel>2</nestedLevel>
</record>
<record>
  <date>2020-03-30T18:29:21</date>
  <millis>1585573161540</millis>
  <sequence>175</sequence>
  <level>PASSED</level>
  <class>com.kms.katalon.core.logging.XmlKeywordLogger</class>
  <method>logMessage</method>
  <thread>1</thread>
  <message>Text of object &amp;apos;Object Repository/Created Reports Objects/ReportTitle&amp;apos; is: &amp;apos;Weekly Sales&amp;apos;</message>
  <nestedLevel>2</nestedLevel>
</record>
<record>
  <date>2020-03-30T18:29:21</date>
  <millis>1585573161543</millis>
  <sequence>176</sequence>
  <level>PASSED</level>
  <class>com.kms.katalon.core.logging.XmlKeywordLogger</class>
  <method>logMessage</method>
  <thread>1</thread>
  <message>Test Cases/CrossLocationReportBuilder_TestCases/TC77_Verify Created Report is displaying same as per the set configuration in report setup</message>
  <nestedLevel>2</nestedLevel>
</record>
<record>
  <date>2020-03-30T18:29:21</date>
  <millis>1585573161543</millis>
  <sequence>177</sequence>
  <level>END</level>
  <class>com.kms.katalon.core.logging.XmlKeywordLogger</class>
  <method>endTest</method>
  <thread>1</thread>
  <message>End Test Case : Test Cases/CrossLocationReportBuilder_TestCases/TC77_Verify Created Report is displaying same as per the set configuration in report setup</message>
  <nestedLevel>1</nestedLevel>
</record>
<record>
  <date>2020-03-30T18:29:21</date>
  <millis>1585573161544</millis>
  <sequence>178</sequence>
  <level>PASSED</level>
  <class>com.kms.katalon.core.logging.XmlKeywordLogger</class>
  <method>logMessage</method>
  <thread>1</thread>
  <message>Call Test Case &amp;apos;Test Cases/CrossLocationReportBuilder_TestCases/TC77_Verify Created Report is displaying same as per the set configuration in report setup&amp;apos; successfully</message>
  <nestedLevel>1</nestedLevel>
</record>
<record>
  <date>2020-03-30T18:29:21</date>
  <millis>1585573161603</millis>
  <sequence>181</sequence>
  <level>START</level>
  <class>com.kms.katalon.core.logging.XmlKeywordLogger</class>
  <method>startTest</method>
  <thread>1</thread>
  <message>Start Test Case : Test Cases/ReportBuilder_Pages/CreatedReports/Verify Date Picker is displayed as defined Data Grain</message>
  <nestedLevel>2</nestedLevel>
  <property name="name">Test Cases/ReportBuilder_Pages/CreatedReports/Verify Date Picker is displayed as defined Data Grain</property>
  <property name="description"></property>
  <property name="id">Test Cases/ReportBuilder_Pages/CreatedReports/Verify Date Picker is displayed as defined Data Grain</property>
  <property name="source">D:\\Users\\bksangani\\Katalon Studio\\ReportBuilderV1\\Test Cases\\ReportBuilder_Pages\\CreatedReports\\Verify Date Picker is displayed as defined Data Grain.tc</property>
  <property name="tag"></property>
  <property name="isOptional">false</property>
</record>
<record>
  <date>2020-03-30T18:29:21</date>
  <millis>1585573161936</millis>
  <sequence>187</sequence>
  <level>WARNING</level>
  <class>com.kms.katalon.core.logging.XmlKeywordLogger</class>
  <method>logMessage</method>
  <thread>1</thread>
  <message>Timeout &amp;apos;0&amp;apos; is invalid. Using default page load timeout: &amp;apos;30&amp;apos;</message>
  <nestedLevel>2</nestedLevel>
</record>
<record>
  <date>2020-03-30T18:29:21</date>
  <millis>1585573161959</millis>
  <sequence>190</sequence>
  <level>PASSED</level>
  <class>com.kms.katalon.core.logging.XmlKeywordLogger</class>
  <method>logMessage</method>
  <thread>1</thread>
  <message>Object &amp;apos;Object Repository/Created Reports Objects/StartDate&amp;apos; is present</message>
  <nestedLevel>2</nestedLevel>
</record>
<record>
  <date>2020-03-30T18:29:22</date>
  <millis>1585573162009</millis>
  <sequence>195</sequence>
  <level>WARNING</level>
  <class>com.kms.katalon.core.logging.XmlKeywordLogger</class>
  <method>logMessage</method>
  <thread>1</thread>
  <message>Timeout &amp;apos;0&amp;apos; is invalid. Using default page load timeout: &amp;apos;30&amp;apos;</message>
  <nestedLevel>2</nestedLevel>
</record>
<record>
  <date>2020-03-30T18:29:22</date>
  <millis>1585573162034</millis>
  <sequence>198</sequence>
  <level>PASSED</level>
  <class>com.kms.katalon.core.logging.XmlKeywordLogger</class>
  <method>logMessage</method>
  <thread>1</thread>
  <message>Object &amp;apos;Object Repository/Created Reports Objects/EndDate&amp;apos; is present</message>
  <nestedLevel>2</nestedLevel>
</record>
<record>
  <date>2020-03-30T18:29:22</date>
  <millis>1585573162126</millis>
  <sequence>206</sequence>
  <level>PASSED</level>
  <class>com.kms.katalon.core.logging.XmlKeywordLogger</class>
  <method>logMessage</method>
  <thread>1</thread>
  <message>Text of object &amp;apos;Object Repository/Created Reports Objects/StartDate&amp;apos; is: &amp;apos;Start Week:&amp;apos;</message>
  <nestedLevel>2</nestedLevel>
</record>
<record>
  <date>2020-03-30T18:29:22</date>
  <millis>1585573162218</millis>
  <sequence>214</sequence>
  <level>PASSED</level>
  <class>com.kms.katalon.core.logging.XmlKeywordLogger</class>
  <method>logMessage</method>
  <thread>1</thread>
  <message>Text of object &amp;apos;Object Repository/Created Reports Objects/EndDate&amp;apos; is: &amp;apos;End Week:&amp;apos;</message>
  <nestedLevel>2</nestedLevel>
</record>
<record>
  <date>2020-03-30T18:29:22</date>
  <millis>1585573162279</millis>
  <sequence>217</sequence>
  <level>START</level>
  <class>com.kms.katalon.core.logging.XmlKeywordLogger</class>
  <method>startTest</method>
  <thread>1</thread>
  <message>Start Test Case : Test Cases/ReportBuilder_Pages/CreatedReports/setStartDate</message>
  <nestedLevel>3</nestedLevel>
  <property name="name">Test Cases/ReportBuilder_Pages/CreatedReports/setStartDate</property>
  <property name="description"></property>
  <property name="id">Test Cases/ReportBuilder_Pages/CreatedReports/setStartDate</property>
  <property name="source">D:\\Users\\bksangani\\Katalon Studio\\ReportBuilderV1\\Test Cases\\ReportBuilder_Pages\\CreatedReports\\setStartDate.tc</property>
  <property name="tag"></property>
  <property name="isOptional">false</property>
</record>
<record>
  <date>2020-03-30T18:29:22</date>
  <millis>1585573162294</millis>
  <sequence>219</sequence>
  <level>INFO</level>
  <class>com.kms.katalon.core.logging.XmlKeywordLogger</class>
  <method>logMessage</method>
  <thread>1</thread>
  <message>StartMonthYear = Oct, 2019</message>
  <nestedLevel>3</nestedLevel>
</record>
<record>
  <date>2020-03-30T18:29:22</date>
  <millis>1585573162294</millis>
  <sequence>220</sequence>
  <level>INFO</level>
  <class>com.kms.katalon.core.logging.XmlKeywordLogger</class>
  <method>logMessage</method>
  <thread>1</thread>
  <message>StartDate = 27</message>
  <nestedLevel>3</nestedLevel>
</record>
<record>
  <date>2020-03-30T18:29:22</date>
  <millis>1585573162807</millis>
  <sequence>228</sequence>
  <level>PASSED</level>
  <class>com.kms.katalon.core.logging.XmlKeywordLogger</class>
  <method>logMessage</method>
  <thread>1</thread>
  <message>Object &amp;apos;Object Repository/ReportBuilderUI/StartDatePicker&amp;apos; is clickable</message>
  <nestedLevel>3</nestedLevel>
</record>
<record>
  <date>2020-03-30T18:29:23</date>
  <millis>1585573163086</millis>
  <sequence>238</sequence>
  <level>PASSED</level>
  <class>com.kms.katalon.core.logging.XmlKeywordLogger</class>
  <method>logMessage</method>
  <thread>1</thread>
  <message>Object: &amp;apos;Object Repository/ReportBuilderUI/StartDatePicker&amp;apos; is clicked on</message>
  <nestedLevel>3</nestedLevel>
</record>
<record>
  <date>2020-03-30T18:29:23</date>
  <millis>1585573163216</millis>
  <sequence>246</sequence>
  <level>PASSED</level>
  <class>com.kms.katalon.core.logging.XmlKeywordLogger</class>
  <method>logMessage</method>
  <thread>1</thread>
  <message>Text of object &amp;apos;Object Repository/ReportBuilderUI/MonthValue&amp;apos; is: &amp;apos;Mar, 2020&amp;apos;</message>
  <nestedLevel>3</nestedLevel>
</record>
<record>
  <date>2020-03-30T18:29:23</date>
  <millis>1585573163513</millis>
  <sequence>256</sequence>
  <level>PASSED</level>
  <class>com.kms.katalon.core.logging.XmlKeywordLogger</class>
  <method>logMessage</method>
  <thread>1</thread>
  <message>Object: &amp;apos;Object Repository/ReportBuilderUI/cld_backbtn&amp;apos; is clicked on</message>
  <nestedLevel>3</nestedLevel>
</record>
<record>
  <date>2020-03-30T18:29:23</date>
  <millis>1585573163627</millis>
  <sequence>264</sequence>
  <level>PASSED</level>
  <class>com.kms.katalon.core.logging.XmlKeywordLogger</class>
  <method>logMessage</method>
  <thread>1</thread>
  <message>Text of object &amp;apos;Object Repository/ReportBuilderUI/MonthValue&amp;apos; is: &amp;apos;Feb, 2020&amp;apos;</message>
  <nestedLevel>3</nestedLevel>
</record>
<record>
  <date>2020-03-30T18:29:23</date>
  <millis>1585573163884</millis>
  <sequence>274</sequence>
  <level>PASSED</level>
  <class>com.kms.katalon.core.logging.XmlKeywordLogger</class>
  <method>logMessage</method>
  <thread>1</thread>
  <message>Object: &amp;apos;Object Repository/ReportBuilderUI/cld_backbtn&amp;apos; is clicked on</message>
  <nestedLevel>3</nestedLevel>
</record>
<record>
  <date>2020-03-30T18:29:23</date>
  <millis>1585573163975</millis>
  <sequence>282</sequence>
  <level>PASSED</level>
  <class>com.kms.katalon.core.logging.XmlKeywordLogger</class>
  <method>logMessage</method>
  <thread>1</thread>
  <message>Text of object &amp;apos;Object Repository/ReportBuilderUI/MonthValue&amp;apos; is: &amp;apos;Jan, 2020&amp;apos;</message>
  <nestedLevel>3</nestedLevel>
</record>
<record>
  <date>2020-03-30T18:29:24</date>
  <millis>1585573164206</millis>
  <sequence>292</sequence>
  <level>PASSED</level>
  <class>com.kms.katalon.core.logging.XmlKeywordLogger</class>
  <method>logMessage</method>
  <thread>1</thread>
  <message>Object: &amp;apos;Object Repository/ReportBuilderUI/cld_backbtn&amp;apos; is clicked on</message>
  <nestedLevel>3</nestedLevel>
</record>
<record>
  <date>2020-03-30T18:29:24</date>
  <millis>1585573164289</millis>
  <sequence>300</sequence>
  <level>PASSED</level>
  <class>com.kms.katalon.core.logging.XmlKeywordLogger</class>
  <method>logMessage</method>
  <thread>1</thread>
  <message>Text of object &amp;apos;Object Repository/ReportBuilderUI/MonthValue&amp;apos; is: &amp;apos;Dec, 2019&amp;apos;</message>
  <nestedLevel>3</nestedLevel>
</record>
<record>
  <date>2020-03-30T18:29:24</date>
  <millis>1585573164520</millis>
  <sequence>310</sequence>
  <level>PASSED</level>
  <class>com.kms.katalon.core.logging.XmlKeywordLogger</class>
  <method>logMessage</method>
  <thread>1</thread>
  <message>Object: &amp;apos;Object Repository/ReportBuilderUI/cld_backbtn&amp;apos; is clicked on</message>
  <nestedLevel>3</nestedLevel>
</record>
<record>
  <date>2020-03-30T18:29:24</date>
  <millis>1585573164603</millis>
  <sequence>318</sequence>
  <level>PASSED</level>
  <class>com.kms.katalon.core.logging.XmlKeywordLogger</class>
  <method>logMessage</method>
  <thread>1</thread>
  <message>Text of object &amp;apos;Object Repository/ReportBuilderUI/MonthValue&amp;apos; is: &amp;apos;Nov, 2019&amp;apos;</message>
  <nestedLevel>3</nestedLevel>
</record>
<record>
  <date>2020-03-30T18:29:24</date>
  <millis>1585573164833</millis>
  <sequence>328</sequence>
  <level>PASSED</level>
  <class>com.kms.katalon.core.logging.XmlKeywordLogger</class>
  <method>logMessage</method>
  <thread>1</thread>
  <message>Object: &amp;apos;Object Repository/ReportBuilderUI/cld_backbtn&amp;apos; is clicked on</message>
  <nestedLevel>3</nestedLevel>
</record>
<record>
  <date>2020-03-30T18:29:24</date>
  <millis>1585573164921</millis>
  <sequence>336</sequence>
  <level>PASSED</level>
  <class>com.kms.katalon.core.logging.XmlKeywordLogger</class>
  <method>logMessage</method>
  <thread>1</thread>
  <message>Text of object &amp;apos;Object Repository/ReportBuilderUI/MonthValue&amp;apos; is: &amp;apos;Oct, 2019&amp;apos;</message>
  <nestedLevel>3</nestedLevel>
</record>
<record>
  <date>2020-03-30T18:29:26</date>
  <millis>1585573166012</millis>
  <sequence>337</sequence>
  <level>PASSED</level>
  <class>com.kms.katalon.core.logging.XmlKeywordLogger</class>
  <method>logMessage</method>
  <thread>1</thread>
  <message>Test Cases/ReportBuilder_Pages/CreatedReports/setStartDate</message>
  <nestedLevel>3</nestedLevel>
</record>
<record>
  <date>2020-03-30T18:29:26</date>
  <millis>1585573166013</millis>
  <sequence>338</sequence>
  <level>END</level>
  <class>com.kms.katalon.core.logging.XmlKeywordLogger</class>
  <method>endTest</method>
  <thread>1</thread>
  <message>End Test Case : Test Cases/ReportBuilder_Pages/CreatedReports/setStartDate</message>
  <nestedLevel>2</nestedLevel>
</record>
<record>
  <date>2020-03-30T18:29:26</date>
  <millis>1585573166014</millis>
  <sequence>339</sequence>
  <level>PASSED</level>
  <class>com.kms.katalon.core.logging.XmlKeywordLogger</class>
  <method>logMessage</method>
  <thread>1</thread>
  <message>Call Test Case &amp;apos;Test Cases/ReportBuilder_Pages/CreatedReports/setStartDate&amp;apos; successfully</message>
  <nestedLevel>2</nestedLevel>
</record>
<record>
  <date>2020-03-30T18:29:26</date>
  <millis>1585573166075</millis>
  <sequence>342</sequence>
  <level>START</level>
  <class>com.kms.katalon.core.logging.XmlKeywordLogger</class>
  <method>startTest</method>
  <thread>1</thread>
  <message>Start Test Case : Test Cases/ReportBuilder_Pages/CreatedReports/setEndDate</message>
  <nestedLevel>3</nestedLevel>
  <property name="name">Test Cases/ReportBuilder_Pages/CreatedReports/setEndDate</property>
  <property name="description"></property>
  <property name="id">Test Cases/ReportBuilder_Pages/CreatedReports/setEndDate</property>
  <property name="source">D:\\Users\\bksangani\\Katalon Studio\\ReportBuilderV1\\Test Cases\\ReportBuilder_Pages\\CreatedReports\\setEndDate.tc</property>
  <property name="tag"></property>
  <property name="isOptional">false</property>
</record>
<record>
  <date>2020-03-30T18:29:26</date>
  <millis>1585573166087</millis>
  <sequence>344</sequence>
  <level>INFO</level>
  <class>com.kms.katalon.core.logging.XmlKeywordLogger</class>
  <method>logMessage</method>
  <thread>1</thread>
  <message>EndMonthYear = Nov, 2019</message>
  <nestedLevel>3</nestedLevel>
</record>
<record>
  <date>2020-03-30T18:29:26</date>
  <millis>1585573166087</millis>
  <sequence>345</sequence>
  <level>INFO</level>
  <class>com.kms.katalon.core.logging.XmlKeywordLogger</class>
  <method>logMessage</method>
  <thread>1</thread>
  <message>EndDate = 23</message>
  <nestedLevel>3</nestedLevel>
</record>
<record>
  <date>2020-03-30T18:29:26</date>
  <millis>1585573166508</millis>
  <sequence>353</sequence>
  <level>PASSED</level>
  <class>com.kms.katalon.core.logging.XmlKeywordLogger</class>
  <method>logMessage</method>
  <thread>1</thread>
  <message>Object &amp;apos;Object Repository/ReportBuilderUI/EndDatePicker&amp;apos; is clickable</message>
  <nestedLevel>3</nestedLevel>
</record>
<record>
  <date>2020-03-30T18:29:26</date>
  <millis>1585573166743</millis>
  <sequence>363</sequence>
  <level>PASSED</level>
  <class>com.kms.katalon.core.logging.XmlKeywordLogger</class>
  <method>logMessage</method>
  <thread>1</thread>
  <message>Object: &amp;apos;Object Repository/ReportBuilderUI/EndDatePicker&amp;apos; is clicked on</message>
  <nestedLevel>3</nestedLevel>
</record>
<record>
  <date>2020-03-30T18:29:26</date>
  <millis>1585573166905</millis>
  <sequence>371</sequence>
  <level>PASSED</level>
  <class>com.kms.katalon.core.logging.XmlKeywordLogger</class>
  <method>logMessage</method>
  <thread>1</thread>
  <message>Text of object &amp;apos;Object Repository/ReportBuilderUI/EndMonthValue&amp;apos; is: &amp;apos;Mar, 2020&amp;apos;</message>
  <nestedLevel>3</nestedLevel>
</record>
<record>
  <date>2020-03-30T18:29:27</date>
  <millis>1585573167173</millis>
  <sequence>381</sequence>
  <level>PASSED</level>
  <class>com.kms.katalon.core.logging.XmlKeywordLogger</class>
  <method>logMessage</method>
  <thread>1</thread>
  <message>Object: &amp;apos;Object Repository/ReportBuilderUI/cld_backButttonEndMonth&amp;apos; is clicked on</message>
  <nestedLevel>3</nestedLevel>
</record>
<record>
  <date>2020-03-30T18:29:27</date>
  <millis>1585573167271</millis>
  <sequence>389</sequence>
  <level>PASSED</level>
  <class>com.kms.katalon.core.logging.XmlKeywordLogger</class>
  <method>logMessage</method>
  <thread>1</thread>
  <message>Text of object &amp;apos;Object Repository/ReportBuilderUI/EndMonthValue&amp;apos; is: &amp;apos;Feb, 2020&amp;apos;</message>
  <nestedLevel>3</nestedLevel>
</record>
<record>
  <date>2020-03-30T18:29:27</date>
  <millis>1585573167495</millis>
  <sequence>399</sequence>
  <level>PASSED</level>
  <class>com.kms.katalon.core.logging.XmlKeywordLogger</class>
  <method>logMessage</method>
  <thread>1</thread>
  <message>Object: &amp;apos;Object Repository/ReportBuilderUI/cld_backButttonEndMonth&amp;apos; is clicked on</message>
  <nestedLevel>3</nestedLevel>
</record>
<record>
  <date>2020-03-30T18:29:27</date>
  <millis>1585573167580</millis>
  <sequence>407</sequence>
  <level>PASSED</level>
  <class>com.kms.katalon.core.logging.XmlKeywordLogger</class>
  <method>logMessage</method>
  <thread>1</thread>
  <message>Text of object &amp;apos;Object Repository/ReportBuilderUI/EndMonthValue&amp;apos; is: &amp;apos;Jan, 2020&amp;apos;</message>
  <nestedLevel>3</nestedLevel>
</record>
<record>
  <date>2020-03-30T18:29:27</date>
  <millis>1585573167817</millis>
  <sequence>417</sequence>
  <level>PASSED</level>
  <class>com.kms.katalon.core.logging.XmlKeywordLogger</class>
  <method>logMessage</method>
  <thread>1</thread>
  <message>Object: &amp;apos;Object Repository/ReportBuilderUI/cld_backButttonEndMonth&amp;apos; is clicked on</message>
  <nestedLevel>3</nestedLevel>
</record>
<record>
  <date>2020-03-30T18:29:27</date>
  <millis>1585573167902</millis>
  <sequence>425</sequence>
  <level>PASSED</level>
  <class>com.kms.katalon.core.logging.XmlKeywordLogger</class>
  <method>logMessage</method>
  <thread>1</thread>
  <message>Text of object &amp;apos;Object Repository/ReportBuilderUI/EndMonthValue&amp;apos; is: &amp;apos;Dec, 2019&amp;apos;</message>
  <nestedLevel>3</nestedLevel>
</record>
<record>
  <date>2020-03-30T18:29:28</date>
  <millis>1585573168111</millis>
  <sequence>435</sequence>
  <level>PASSED</level>
  <class>com.kms.katalon.core.logging.XmlKeywordLogger</class>
  <method>logMessage</method>
  <thread>1</thread>
  <message>Object: &amp;apos;Object Repository/ReportBuilderUI/cld_backButttonEndMonth&amp;apos; is clicked on</message>
  <nestedLevel>3</nestedLevel>
</record>
<record>
  <date>2020-03-30T18:29:28</date>
  <millis>1585573168196</millis>
  <sequence>443</sequence>
  <level>PASSED</level>
  <class>com.kms.katalon.core.logging.XmlKeywordLogger</class>
  <method>logMessage</method>
  <thread>1</thread>
  <message>Text of object &amp;apos;Object Repository/ReportBuilderUI/EndMonthValue&amp;apos; is: &amp;apos;Nov, 2019&amp;apos;</message>
  <nestedLevel>3</nestedLevel>
</record>
<record>
  <date>2020-03-30T18:29:29</date>
  <millis>1585573169821</millis>
  <sequence>444</sequence>
  <level>PASSED</level>
  <class>com.kms.katalon.core.logging.XmlKeywordLogger</class>
  <method>logMessage</method>
  <thread>1</thread>
  <message>Test Cases/ReportBuilder_Pages/CreatedReports/setEndDate</message>
  <nestedLevel>3</nestedLevel>
</record>
<record>
  <date>2020-03-30T18:29:29</date>
  <millis>1585573169822</millis>
  <sequence>445</sequence>
  <level>END</level>
  <class>com.kms.katalon.core.logging.XmlKeywordLogger</class>
  <method>endTest</method>
  <thread>1</thread>
  <message>End Test Case : Test Cases/ReportBuilder_Pages/CreatedReports/setEndDate</message>
  <nestedLevel>2</nestedLevel>
</record>
<record>
  <date>2020-03-30T18:29:29</date>
  <millis>1585573169822</millis>
  <sequence>446</sequence>
  <level>PASSED</level>
  <class>com.kms.katalon.core.logging.XmlKeywordLogger</class>
  <method>logMessage</method>
  <thread>1</thread>
  <message>Call Test Case &amp;apos;Test Cases/ReportBuilder_Pages/CreatedReports/setEndDate&amp;apos; successfully</message>
  <nestedLevel>2</nestedLevel>
</record>
<record>
  <date>2020-03-30T18:29:29</date>
  <millis>1585573169883</millis>
  <sequence>449</sequence>
  <level>START</level>
  <class>com.kms.katalon.core.logging.XmlKeywordLogger</class>
  <method>startTest</method>
  <thread>1</thread>
  <message>Start Test Case : Test Cases/ReportBuilder_Pages/CreatedReports/Select stores 2</message>
  <nestedLevel>3</nestedLevel>
  <property name="name">Test Cases/ReportBuilder_Pages/CreatedReports/Select stores 2</property>
  <property name="description"></property>
  <property name="id">Test Cases/ReportBuilder_Pages/CreatedReports/Select stores 2</property>
  <property name="source">D:\\Users\\bksangani\\Katalon Studio\\ReportBuilderV1\\Test Cases\\ReportBuilder_Pages\\CreatedReports\\Select stores 2.tc</property>
  <property name="tag"></property>
  <property name="isOptional">false</property>
</record>
<record>
  <date>2020-03-30T18:29:29</date>
  <millis>1585573169892</millis>
  <sequence>451</sequence>
  <level>INFO</level>
  <class>com.kms.katalon.core.logging.XmlKeywordLogger</class>
  <method>logMessage</method>
  <thread>1</thread>
  <message>StoreName = Union Ave</message>
  <nestedLevel>3</nestedLevel>
</record>
<record>
  <date>2020-03-30T18:29:30</date>
  <millis>1585573170542</millis>
  <sequence>461</sequence>
  <level>PASSED</level>
  <class>com.kms.katalon.core.logging.XmlKeywordLogger</class>
  <method>logMessage</method>
  <thread>1</thread>
  <message>Object: &amp;apos;Object Repository/Created Reports Objects/drp_StoreSelector&amp;apos; is clicked on</message>
  <nestedLevel>3</nestedLevel>
</record>
<record>
  <date>2020-03-30T18:29:30</date>
  <millis>1585573170642</millis>
  <sequence>469</sequence>
  <level>PASSED</level>
  <class>com.kms.katalon.core.logging.XmlKeywordLogger</class>
  <method>logMessage</method>
  <thread>1</thread>
  <message>Object &amp;apos;Object Repository/Created Reports Objects/btn_checkAll&amp;apos; is clickable</message>
  <nestedLevel>3</nestedLevel>
</record>
<record>
  <date>2020-03-30T18:29:30</date>
  <millis>1585573170888</millis>
  <sequence>479</sequence>
  <level>PASSED</level>
  <class>com.kms.katalon.core.logging.XmlKeywordLogger</class>
  <method>logMessage</method>
  <thread>1</thread>
  <message>Object: &amp;apos;Object Repository/Created Reports Objects/btn_checkAll&amp;apos; is clicked on</message>
  <nestedLevel>3</nestedLevel>
</record>
<record>
  <date>2020-03-30T18:29:31</date>
  <millis>1585573171118</millis>
  <sequence>489</sequence>
  <level>PASSED</level>
  <class>com.kms.katalon.core.logging.XmlKeywordLogger</class>
  <method>logMessage</method>
  <thread>1</thread>
  <message>Object: &amp;apos;Object Repository/Created Reports Objects/link_uncheckAll&amp;apos; is clicked on</message>
  <nestedLevel>3</nestedLevel>
</record>
<record>
  <date>2020-03-30T18:29:31</date>
  <millis>1585573171298</millis>
  <sequence>499</sequence>
  <level>PASSED</level>
  <class>com.kms.katalon.core.logging.XmlKeywordLogger</class>
  <method>logMessage</method>
  <thread>1</thread>
  <message>Object: &amp;apos;Object Repository/Created Reports Objects/input_SearchStores&amp;apos; is clicked on</message>
  <nestedLevel>3</nestedLevel>
</record>
<record>
  <date>2020-03-30T18:29:32</date>
  <millis>1585573172004</millis>
  <sequence>509</sequence>
  <level>PASSED</level>
  <class>com.kms.katalon.core.logging.XmlKeywordLogger</class>
  <method>logMessage</method>
  <thread>1</thread>
  <message>Text &amp;apos;Union Ave&amp;apos; is set on object &amp;apos;Object Repository/Created Reports Objects/input_SearchStores&amp;apos;</message>
  <nestedLevel>3</nestedLevel>
</record>
<record>
  <date>2020-03-30T18:29:32</date>
  <millis>1585573172182</millis>
  <sequence>510</sequence>
  <level>PASSED</level>
  <class>com.kms.katalon.core.logging.XmlKeywordLogger</class>
  <method>logMessage</method>
  <thread>1</thread>
  <message>Test Cases/ReportBuilder_Pages/CreatedReports/Select stores 2</message>
  <nestedLevel>3</nestedLevel>
</record>
<record>
  <date>2020-03-30T18:29:32</date>
  <millis>1585573172183</millis>
  <sequence>511</sequence>
  <level>END</level>
  <class>com.kms.katalon.core.logging.XmlKeywordLogger</class>
  <method>endTest</method>
  <thread>1</thread>
  <message>End Test Case : Test Cases/ReportBuilder_Pages/CreatedReports/Select stores 2</message>
  <nestedLevel>2</nestedLevel>
</record>
<record>
  <date>2020-03-30T18:29:32</date>
  <millis>1585573172184</millis>
  <sequence>512</sequence>
  <level>PASSED</level>
  <class>com.kms.katalon.core.logging.XmlKeywordLogger</class>
  <method>logMessage</method>
  <thread>1</thread>
  <message>Call Test Case &amp;apos;Test Cases/ReportBuilder_Pages/CreatedReports/Select stores 2&amp;apos; successfully</message>
  <nestedLevel>2</nestedLevel>
</record>
<record>
  <date>2020-03-30T18:29:32</date>
  <millis>1585573172244</millis>
  <sequence>515</sequence>
  <level>START</level>
  <class>com.kms.katalon.core.logging.XmlKeywordLogger</class>
  <method>startTest</method>
  <thread>1</thread>
  <message>Start Test Case : Test Cases/ReportBuilder_Pages/CreatedReports/HitRefresh</message>
  <nestedLevel>3</nestedLevel>
  <property name="name">Test Cases/ReportBuilder_Pages/CreatedReports/HitRefresh</property>
  <property name="description"></property>
  <property name="id">Test Cases/ReportBuilder_Pages/CreatedReports/HitRefresh</property>
  <property name="source">D:\\Users\\bksangani\\Katalon Studio\\ReportBuilderV1\\Test Cases\\ReportBuilder_Pages\\CreatedReports\\HitRefresh.tc</property>
  <property name="tag"></property>
  <property name="isOptional">false</property>
</record>
<record>
  <date>2020-03-30T18:29:32</date>
  <millis>1585573172688</millis>
  <sequence>526</sequence>
  <level>PASSED</level>
  <class>com.kms.katalon.core.logging.XmlKeywordLogger</class>
  <method>logMessage</method>
  <thread>1</thread>
  <message>Object: &amp;apos;Object Repository/ReportBuilderUI/btn_Refresh&amp;apos; is clicked on</message>
  <nestedLevel>3</nestedLevel>
</record>
<record>
  <date>2020-03-30T18:29:32</date>
  <millis>1585573172689</millis>
  <sequence>527</sequence>
  <level>PASSED</level>
  <class>com.kms.katalon.core.logging.XmlKeywordLogger</class>
  <method>logMessage</method>
  <thread>1</thread>
  <message>Test Cases/ReportBuilder_Pages/CreatedReports/HitRefresh</message>
  <nestedLevel>3</nestedLevel>
</record>
<record>
  <date>2020-03-30T18:29:32</date>
  <millis>1585573172690</millis>
  <sequence>528</sequence>
  <level>END</level>
  <class>com.kms.katalon.core.logging.XmlKeywordLogger</class>
  <method>endTest</method>
  <thread>1</thread>
  <message>End Test Case : Test Cases/ReportBuilder_Pages/CreatedReports/HitRefresh</message>
  <nestedLevel>2</nestedLevel>
</record>
<record>
  <date>2020-03-30T18:29:32</date>
  <millis>1585573172690</millis>
  <sequence>529</sequence>
  <level>PASSED</level>
  <class>com.kms.katalon.core.logging.XmlKeywordLogger</class>
  <method>logMessage</method>
  <thread>1</thread>
  <message>Call Test Case &amp;apos;Test Cases/ReportBuilder_Pages/CreatedReports/HitRefresh&amp;apos; successfully</message>
  <nestedLevel>2</nestedLevel>
</record>
<record>
  <date>2020-03-30T18:29:32</date>
  <millis>1585573172805</millis>
  <sequence>537</sequence>
  <level>PASSED</level>
  <class>com.kms.katalon.core.logging.XmlKeywordLogger</class>
  <method>logMessage</method>
  <thread>1</thread>
  <message>Object &amp;apos;Object Repository/ReportBuilderUI/Progress_Bar&amp;apos; is visible</message>
  <nestedLevel>2</nestedLevel>
</record>
<record>
  <date>2020-03-30T18:29:38</date>
  <millis>1585573178654</millis>
  <sequence>545</sequence>
  <level>PASSED</level>
  <class>com.kms.katalon.core.logging.XmlKeywordLogger</class>
  <method>logMessage</method>
  <thread>1</thread>
  <message>Object &amp;apos;Object Repository/ReportBuilderUI/Progress_Bar&amp;apos; is NOT visible</message>
  <nestedLevel>2</nestedLevel>
</record>
<record>
  <date>2020-03-30T18:29:38</date>
  <millis>1585573178655</millis>
  <sequence>546</sequence>
  <level>PASSED</level>
  <class>com.kms.katalon.core.logging.XmlKeywordLogger</class>
  <method>logMessage</method>
  <thread>1</thread>
  <message>Test Cases/ReportBuilder_Pages/CreatedReports/Verify Date Picker is displayed as defined Data Grain</message>
  <nestedLevel>2</nestedLevel>
</record>
<record>
  <date>2020-03-30T18:29:38</date>
  <millis>1585573178655</millis>
  <sequence>547</sequence>
  <level>END</level>
  <class>com.kms.katalon.core.logging.XmlKeywordLogger</class>
  <method>endTest</method>
  <thread>1</thread>
  <message>End Test Case : Test Cases/ReportBuilder_Pages/CreatedReports/Verify Date Picker is displayed as defined Data Grain</message>
  <nestedLevel>1</nestedLevel>
</record>
<record>
  <date>2020-03-30T18:29:38</date>
  <millis>1585573178656</millis>
  <sequence>548</sequence>
  <level>PASSED</level>
  <class>com.kms.katalon.core.logging.XmlKeywordLogger</class>
  <method>logMessage</method>
  <thread>1</thread>
  <message>Call Test Case &amp;apos;Test Cases/ReportBuilder_Pages/CreatedReports/Verify Date Picker is displayed as defined Data Grain&amp;apos; successfully</message>
  <nestedLevel>1</nestedLevel>
</record>
<record>
  <date>2020-03-30T18:29:38</date>
  <millis>1585573178656</millis>
  <sequence>549</sequence>
  <level>NOT_RUN</level>
  <class>com.kms.katalon.core.logging.XmlKeywordLogger</class>
  <method>logMessage</method>
  <thread>1</thread>
  <message>NOT_RUN: NoOfDaysFromReports = []</message>
  <nestedLevel>1</nestedLevel>
</record>
<record>
  <date>2020-03-30T18:29:38</date>
  <millis>1585573178656</millis>
  <sequence>550</sequence>
  <level>NOT_RUN</level>
  <class>com.kms.katalon.core.logging.XmlKeywordLogger</class>
  <method>logMessage</method>
  <thread>1</thread>
  <message>NOT_RUN: NoOfDaysFromReports = callTestCase(findTestCase(\&amp;quot;ReportBuilder_Pages/CreatedReports/Verify Dates on report based on selected present data by\&amp;quot;), [:], CONTINUE_ON_FAILURE)</message>
  <nestedLevel>1</nestedLevel>
</record>
<record>
  <date>2020-03-30T18:29:38</date>
  <millis>1585573178657</millis>
  <sequence>551</sequence>
  <level>NOT_RUN</level>
  <class>com.kms.katalon.core.logging.XmlKeywordLogger</class>
  <method>logMessage</method>
  <thread>1</thread>
  <message>NOT_RUN: callTestCase(findTestCase(\&amp;quot;ReportBuilder_Pages/CreatedReports/Verify all added columns in report is same as added during set up\&amp;quot;), [\&amp;quot;AddedColumnsSize\&amp;quot;:TotalNoOfColumnsAdded, \&amp;quot;SetUpList\&amp;quot;:ColumnListNew], CONTINUE_ON_FAILURE)</message>
  <nestedLevel>1</nestedLevel>
</record>
<record>
  <date>2020-03-30T18:29:38</date>
  <millis>1585573178657</millis>
  <sequence>552</sequence>
  <level>NOT_RUN</level>
  <class>com.kms.katalon.core.logging.XmlKeywordLogger</class>
  <method>logMessage</method>
  <thread>1</thread>
  <message>NOT_RUN: callTestCase(findTestCase(\&amp;quot;ReportBuilder_Pages/Restaurant_Intranet_Dashboard_Page/Fetch variable values from created report and do comapre with calendar values for each week\&amp;quot;), [\&amp;quot;SetUpListToGetData\&amp;quot;:valuesFromCalendarDashboard, \&amp;quot;DayWiseDates\&amp;quot;:NoOfDaysFromReports, \&amp;quot;NoOfAddedColumns\&amp;quot;:TotalNoOfColumnsAdded], CONTINUE_ON_FAILURE)</message>
  <nestedLevel>1</nestedLevel>
</record>
<record>
  <date>2020-03-30T18:29:38</date>
  <millis>1585573178715</millis>
  <sequence>555</sequence>
  <level>START</level>
  <class>com.kms.katalon.core.logging.XmlKeywordLogger</class>
  <method>startTest</method>
  <thread>1</thread>
  <message>Start Test Case : Test Cases/ReportBuilder_CleanUp/cleanUp Reports</message>
  <nestedLevel>2</nestedLevel>
  <property name="name">Test Cases/ReportBuilder_CleanUp/cleanUp Reports</property>
  <property name="description"></property>
  <property name="id">Test Cases/ReportBuilder_CleanUp/cleanUp Reports</property>
  <property name="source">D:\\Users\\bksangani\\Katalon Studio\\ReportBuilderV1\\Test Cases\\ReportBuilder_CleanUp\\cleanUp Reports.tc</property>
  <property name="tag"></property>
  <property name="isOptional">false</property>
</record>
<record>
  <date>2020-03-30T18:29:38</date>
  <millis>1585573178725</millis>
  <sequence>557</sequence>
  <level>INFO</level>
  <class>com.kms.katalon.core.logging.XmlKeywordLogger</class>
  <method>logMessage</method>
  <thread>1</thread>
  <message>SearchReport = Weekly Sales</message>
  <nestedLevel>2</nestedLevel>
</record>
<record>
  <date>2020-03-30T18:29:42</date>
  <millis>1585573182023</millis>
  <sequence>559</sequence>
  <level>PASSED</level>
  <class>com.kms.katalon.core.logging.XmlKeywordLogger</class>
  <method>logMessage</method>
  <thread>1</thread>
  <message>Delayed 3 second(s)</message>
  <nestedLevel>2</nestedLevel>
</record>
<record>
  <date>2020-03-30T18:29:42</date>
  <millis>1585573182253</millis>
  <sequence>568</sequence>
  <level>PASSED</level>
  <class>com.kms.katalon.core.logging.XmlKeywordLogger</class>
  <method>logMessage</method>
  <thread>1</thread>
  <message>Object: &amp;apos;Object Repository/Page_Restaurant Intranet/Left_Nav_Bar/link_CrossLocationReportIcon&amp;apos; is hovered</message>
  <nestedLevel>2</nestedLevel>
</record>
<record>
  <date>2020-03-30T18:29:42</date>
  <millis>1585573182424</millis>
  <sequence>578</sequence>
  <level>PASSED</level>
  <class>com.kms.katalon.core.logging.XmlKeywordLogger</class>
  <method>logMessage</method>
  <thread>1</thread>
  <message>Object: &amp;apos;Object Repository/Left Nav Bar/Back_Btn&amp;apos; is clicked on</message>
  <nestedLevel>2</nestedLevel>
</record>
<record>
  <date>2020-03-30T18:29:45</date>
  <millis>1585573185426</millis>
  <sequence>580</sequence>
  <level>PASSED</level>
  <class>com.kms.katalon.core.logging.XmlKeywordLogger</class>
  <method>logMessage</method>
  <thread>1</thread>
  <message>Delayed 3 second(s)</message>
  <nestedLevel>2</nestedLevel>
</record>
<record>
  <date>2020-03-30T18:29:45</date>
  <millis>1585573185518</millis>
  <sequence>588</sequence>
  <level>PASSED</level>
  <class>com.kms.katalon.core.logging.XmlKeywordLogger</class>
  <method>logMessage</method>
  <thread>1</thread>
  <message>Object &amp;apos;Object Repository/Page_Restaurant Intranet/Left_Nav_Bar/link_Setup&amp;apos; is clickable</message>
  <nestedLevel>2</nestedLevel>
</record>
<record>
  <date>2020-03-30T18:29:45</date>
  <millis>1585573185910</millis>
  <sequence>598</sequence>
  <level>PASSED</level>
  <class>com.kms.katalon.core.logging.XmlKeywordLogger</class>
  <method>logMessage</method>
  <thread>1</thread>
  <message>Object: &amp;apos;Object Repository/Page_Restaurant Intranet/Left_Nav_Bar/link_Setup&amp;apos; is clicked on</message>
  <nestedLevel>2</nestedLevel>
</record>
<record>
  <date>2020-03-30T18:29:46</date>
  <millis>1585573186511</millis>
  <sequence>606</sequence>
  <level>PASSED</level>
  <class>com.kms.katalon.core.logging.XmlKeywordLogger</class>
  <method>logMessage</method>
  <thread>1</thread>
  <message>Object &amp;apos;Object Repository/Page_Restaurant Intranet/Left_Nav_Bar/div_ReportBuilderLink&amp;apos; is clickable</message>
  <nestedLevel>2</nestedLevel>
</record>
<record>
  <date>2020-03-30T18:29:46</date>
  <millis>1585573186656</millis>
  <sequence>616</sequence>
  <level>PASSED</level>
  <class>com.kms.katalon.core.logging.XmlKeywordLogger</class>
  <method>logMessage</method>
  <thread>1</thread>
  <message>Object: &amp;apos;Object Repository/Page_Restaurant Intranet/Left_Nav_Bar/div_ReportBuilderLink&amp;apos; is clicked on</message>
  <nestedLevel>2</nestedLevel>
</record>
<record>
  <date>2020-03-30T18:29:46</date>
  <millis>1585573186747</millis>
  <sequence>624</sequence>
  <level>PASSED</level>
  <class>com.kms.katalon.core.logging.XmlKeywordLogger</class>
  <method>logMessage</method>
  <thread>1</thread>
  <message>Object &amp;apos;Object Repository/ReportBuilderUI/div_Report Setup&amp;apos; is clickable</message>
  <nestedLevel>2</nestedLevel>
</record>
<record>
  <date>2020-03-30T18:29:47</date>
  <millis>1585573187003</millis>
  <sequence>634</sequence>
  <level>PASSED</level>
  <class>com.kms.katalon.core.logging.XmlKeywordLogger</class>
  <method>logMessage</method>
  <thread>1</thread>
  <message>Object: &amp;apos;Object Repository/ReportBuilderUI/div_Report Setup&amp;apos; is clicked on</message>
  <nestedLevel>2</nestedLevel>
</record>
<record>
  <date>2020-03-30T18:29:47</date>
  <millis>1585573187105</millis>
  <sequence>642</sequence>
  <level>PASSED</level>
  <class>com.kms.katalon.core.logging.XmlKeywordLogger</class>
  <method>logMessage</method>
  <thread>1</thread>
  <message>Object &amp;apos;Object Repository/ReportSetupScreen/input_SearchReportFilter&amp;apos; is clickable</message>
  <nestedLevel>2</nestedLevel>
</record>
<record>
  <date>2020-03-30T18:29:47</date>
  <millis>1585573187335</millis>
  <sequence>652</sequence>
  <level>PASSED</level>
  <class>com.kms.katalon.core.logging.XmlKeywordLogger</class>
  <method>logMessage</method>
  <thread>1</thread>
  <message>Object: &amp;apos;Object Repository/ReportSetupScreen/input_SearchReportFilter&amp;apos; is clicked on</message>
  <nestedLevel>2</nestedLevel>
</record>
<record>
  <date>2020-03-30T18:29:47</date>
  <millis>1585573187665</millis>
  <sequence>662</sequence>
  <level>PASSED</level>
  <class>com.kms.katalon.core.logging.XmlKeywordLogger</class>
  <method>logMessage</method>
  <thread>1</thread>
  <message>Text &amp;apos;Weekly Sales&amp;apos; is set on object &amp;apos;Object Repository/ReportSetupScreen/input_SearchReportFilter&amp;apos;</message>
  <nestedLevel>2</nestedLevel>
</record>
<record>
  <date>2020-03-30T18:29:47</date>
  <millis>1585573187803</millis>
  <sequence>672</sequence>
  <level>PASSED</level>
  <class>com.kms.katalon.core.logging.XmlKeywordLogger</class>
  <method>logMessage</method>
  <thread>1</thread>
  <message>Object: &amp;apos;Object Repository/ReportSetupScreen/Reports_header&amp;apos; is clicked on</message>
  <nestedLevel>2</nestedLevel>
</record>
<record>
  <date>2020-03-30T18:29:49</date>
  <millis>1585573189805</millis>
  <sequence>674</sequence>
  <level>PASSED</level>
  <class>com.kms.katalon.core.logging.XmlKeywordLogger</class>
  <method>logMessage</method>
  <thread>1</thread>
  <message>Delayed 2 second(s)</message>
  <nestedLevel>2</nestedLevel>
</record>
<record>
  <date>2020-03-30T18:29:49</date>
  <millis>1585573189945</millis>
  <sequence>684</sequence>
  <level>PASSED</level>
  <class>com.kms.katalon.core.logging.XmlKeywordLogger</class>
  <method>logMessage</method>
  <thread>1</thread>
  <message>Object: &amp;apos;Object Repository/Left Nav Bar/delete_report&amp;apos; is clicked on</message>
  <nestedLevel>2</nestedLevel>
</record>
<record>
  <date>2020-03-30T18:29:49</date>
  <millis>1585573189971</millis>
  <sequence>686</sequence>
  <level>PASSED</level>
  <class>com.kms.katalon.core.logging.XmlKeywordLogger</class>
  <method>logMessage</method>
  <thread>1</thread>
  <message>Alert accepted</message>
  <nestedLevel>2</nestedLevel>
</record>
<record>
  <date>2020-03-30T18:29:49</date>
  <millis>1585573189971</millis>
  <sequence>687</sequence>
  <level>PASSED</level>
  <class>com.kms.katalon.core.logging.XmlKeywordLogger</class>
  <method>logMessage</method>
  <thread>1</thread>
  <message>Test Cases/ReportBuilder_CleanUp/cleanUp Reports</message>
  <nestedLevel>2</nestedLevel>
</record>
<record>
  <date>2020-03-30T18:29:49</date>
  <millis>1585573189972</millis>
  <sequence>688</sequence>
  <level>END</level>
  <class>com.kms.katalon.core.logging.XmlKeywordLogger</class>
  <method>endTest</method>
  <thread>1</thread>
  <message>End Test Case : Test Cases/ReportBuilder_CleanUp/cleanUp Reports</message>
  <nestedLevel>1</nestedLevel>
</record>
<record>
  <date>2020-03-30T18:29:49</date>
  <millis>1585573189972</millis>
  <sequence>689</sequence>
  <level>PASSED</level>
  <class>com.kms.katalon.core.logging.XmlKeywordLogger</class>
  <method>logMessage</method>
  <thread>1</thread>
  <message>Call Test Case &amp;apos;Test Cases/ReportBuilder_CleanUp/cleanUp Reports&amp;apos; successfully</message>
  <nestedLevel>1</nestedLevel>
</record>
<record>
  <date>2020-03-30T18:29:49</date>
  <millis>1585573189972</millis>
  <sequence>690</sequence>
  <level>PASSED</level>
  <class>com.kms.katalon.core.logging.XmlKeywordLogger</class>
  <method>logMessage</method>
  <thread>1</thread>
  <message>Test Cases/CrossLocationReportBuilder_TestCases/TC79_Create Weekly Report with valid details and compare report values with calender for specific time period</message>
  <nestedLevel>1</nestedLevel>
</record>
<record>
  <date>2020-03-30T18:29:49</date>
  <millis>1585573189973</millis>
  <sequence>691</sequence>
  <level>START</level>
  <class>com.kms.katalon.core.logging.XmlKeywordLogger</class>
  <method>startKeyword</method>
  <thread>1</thread>
  <message>Start listener action : afterTestcase</message>
  <nestedLevel>1</nestedLevel>
</record>
<record>
  <date>2020-03-30T18:29:49</date>
  <millis>1585573189973</millis>
  <sequence>694</sequence>
  <level>END</level>
  <class>com.kms.katalon.core.logging.XmlKeywordLogger</class>
  <method>endKeyword</method>
  <thread>1</thread>
  <message>End listener action : afterTestcase</message>
  <nestedLevel>1</nestedLevel>
</record>
<record>
  <date>2020-03-30T18:29:49</date>
  <millis>1585573189974</millis>
  <sequence>695</sequence>
  <level>END</level>
  <class>com.kms.katalon.core.logging.XmlKeywordLogger</class>
  <method>endTest</method>
  <thread>1</thread>
  <message>End Test Case : Test Cases/CrossLocationReportBuilder_TestCases/TC79_Create Weekly Report with valid details and compare report values with calender for specific time period</message>
  <nestedLevel>0</nestedLevel>
</record>
<record>
  <date>2020-03-30T18:29:49</date>
  <millis>1585573189977</millis>
  <sequence>696</sequence>
  <level>START</level>
  <class>com.kms.katalon.core.logging.XmlKeywordLogger</class>
  <method>startKeyword</method>
  <thread>1</thread>
  <message>Start listener action : afterTestsuite</message>
  <nestedLevel>0</nestedLevel>
</record>
<record>
  <date>2020-03-30T18:29:49</date>
  <millis>1585573189979</millis>
  <sequence>698</sequence>
  <level>INFO</level>
  <class>com.kms.katalon.core.logging.XmlKeywordLogger</class>
  <method>logMessage</method>
  <thread>1</thread>
  <message>*****************************</message>
  <nestedLevel>0</nestedLevel>
</record>
<record>
  <date>2020-03-30T18:29:49</date>
  <millis>1585573189984</millis>
  <sequence>699</sequence>
  <level>INFO</level>
  <class>com.kms.katalon.core.logging.XmlKeywordLogger</class>
  <method>logMessage</method>
  <thread>1</thread>
  <message>COMPLETE</message>
  <nestedLevel>0</nestedLevel>
</record>
<record>
  <date>2020-03-30T18:29:49</date>
  <millis>1585573189987</millis>
  <sequence>700</sequence>
  <level>INFO</level>
  <class>com.kms.katalon.core.logging.XmlKeywordLogger</class>
  <method>logMessage</method>
  <thread>1</thread>
  <message>0</message>
  <nestedLevel>0</nestedLevel>
</record>
<record>
  <date>2020-03-30T18:29:49</date>
  <millis>1585573189987</millis>
  <sequence>701</sequence>
  <level>INFO</level>
  <class>com.kms.katalon.core.logging.XmlKeywordLogger</class>
  <method>logMessage</method>
  <thread>1</thread>
  <message>*****************************</message>
  <nestedLevel>0</nestedLevel>
</record>
<record>
  <date>2020-03-30T18:29:50</date>
  <millis>1585573190726</millis>
  <sequence>703</sequence>
  <level>PASSED</level>
  <class>com.kms.katalon.core.logging.XmlKeywordLogger</class>
  <method>logMessage</method>
  <thread>1</thread>
  <message>Browser is closed</message>
  <nestedLevel>0</nestedLevel>
</record>
<record>
  <date>2020-03-30T18:29:50</date>
  <millis>1585573190727</millis>
  <sequence>705</sequence>
  <level>END</level>
  <class>com.kms.katalon.core.logging.XmlKeywordLogger</class>
  <method>endKeyword</method>
  <thread>1</thread>
  <message>End listener action : afterTestsuite</message>
  <nestedLevel>0</nestedLevel>
</record>
<record>
  <date>2020-03-30T18:29:50</date>
  <millis>1585573190727</millis>
  <sequence>706</sequence>
  <level>START</level>
  <class>com.kms.katalon.core.logging.XmlKeywordLogger</class>
  <method>startKeyword</method>
  <thread>1</thread>
  <message>Start listener action : exportKatalonReports</message>
  <nestedLevel>0</nestedLevel>
</record>
<record>
  <date>2020-03-30T18:29:50</date>
  <millis>1585573190957</millis>
  <sequence>1046</sequence>
  <level>INFO</level>
  <class>com.kms.katalon.core.logging.XmlKeywordLogger</class>
  <method>logMessage</method>
  <thread>1</thread>
  <message>Start generating HTML report folder at: D:\\Users\\bksangani\\Katalon Studio\\ReportBuilderV1\\Reports\\20200330_182846\\Weekly Report End to End Suit\\20200330_182846...</message>
  <nestedLevel>0</nestedLevel>
</record>
<record>
  <date>2020-03-30T18:29:50</date>
  <millis>1585573190971</millis>
  <sequence>1047</sequence>
  <level>INFO</level>
  <class>com.kms.katalon.core.logging.XmlKeywordLogger</class>
  <method>logMessage</method>
  <thread>1</thread>
  <message>HTML report generated</message>
  <nestedLevel>0</nestedLevel>
</record>
<record>
  <date>2020-03-30T18:29:50</date>
  <millis>1585573190971</millis>
  <sequence>1048</sequence>
  <level>INFO</level>
  <class>com.kms.katalon.core.logging.XmlKeywordLogger</class>
  <method>logMessage</method>
  <thread>1</thread>
  <message>Start generating CSV report folder at: D:\\Users\\bksangani\\Katalon Studio\\ReportBuilderV1\\Reports\\20200330_182846\\Weekly Report End to End Suit\\20200330_182846...</message>
  <nestedLevel>0</nestedLevel>
</record>
<record>
  <date>2020-03-30T18:29:50</date>
  <millis>1585573190991</millis>
  <sequence>1049</sequence>
  <level>INFO</level>
  <class>com.kms.katalon.core.logging.XmlKeywordLogger</class>
  <method>logMessage</method>
  <thread>1</thread>
  <message>CSV report generated</message>
  <nestedLevel>0</nestedLevel>
</record>
<record>
  <date>2020-03-30T18:29:50</date>
  <millis>1585573190991</millis>
  <sequence>1050</sequence>
  <level>INFO</level>
  <class>com.kms.katalon.core.logging.XmlKeywordLogger</class>
  <method>logMessage</method>
  <thread>1</thread>
  <message>Start generating PDF report folder at: D:\\Users\\bksangani\\Katalon Studio\\ReportBuilderV1\\Reports\\20200330_182846\\Weekly Report End to End Suit\\20200330_182846...</message>
  <nestedLevel>0</nestedLevel>
</record>
<record>
  <date>2020-03-30T18:29:55</date>
  <millis>1585573195967</millis>
  <sequence>1051</sequence>
  <level>INFO</level>
  <class>com.kms.katalon.core.logging.XmlKeywordLogger</class>
  <method>logMessage</method>
  <thread>1</thread>
  <message>PDF report generated</message>
  <nestedLevel>0</nestedLevel>
</record>
<record>
  <date>2020-03-30T18:29:55</date>
  <millis>1585573195968</millis>
  <sequence>1053</sequence>
  <level>END</level>
  <class>com.kms.katalon.core.logging.XmlKeywordLogger</class>
  <method>endKeyword</method>
  <thread>1</thread>
  <message>End listener action : exportKatalonReports</message>
  <nestedLevel>0</nestedLevel>
</record>
<record>
  <date>2020-03-30T18:29:56</date>
  <millis>1585573196020</millis>
  <sequence>1054</sequence>
  <level>END</level>
  <class>com.kms.katalon.core.logging.XmlKeywordLogger</class>
  <method>endSuite</method>
  <thread>1</thread>
  <message>End Test Suite : Test Suites/Weekly Report End to End Suit</message>
  <nestedLevel>0</nestedLevel>
</record>
</log>